{"/home/travis/build/npmtest/node-npmtest-tmi.js/test.js":{"path":"/home/travis/build/npmtest/node-npmtest-tmi.js/test.js","s":{"1":2,"2":2,"3":2,"4":2,"5":2,"6":2,"7":2,"8":1,"9":2,"10":2,"11":1,"12":1,"13":1,"14":1,"15":2,"16":2,"17":2,"18":2,"19":1,"20":1,"21":2,"22":2,"23":2,"24":1,"25":1,"26":1,"27":1,"28":1,"29":1,"30":1,"31":1,"32":1,"33":1,"34":1,"35":1,"36":1,"37":1,"38":1,"39":2,"40":2,"41":1,"42":2,"43":2,"44":1,"45":2,"46":2,"47":1,"48":2,"49":2,"50":1,"51":1,"52":1,"53":1,"54":1},"b":{"1":[2,1,1,1],"2":[1,1,1,1],"3":[1,1],"4":[1,1],"5":[1,1],"6":[1,1],"7":[1,1],"8":[1,1],"9":[1,1],"10":[1,1,1],"11":[1,1],"12":[1,1],"13":[1,1],"14":[1,1],"15":[1,1],"16":[1,1],"17":[1,1]},"f":{"1":2,"2":2,"3":2,"4":2,"5":2,"6":1,"7":1,"8":1,"9":2,"10":2,"11":2,"12":2,"13":1},"fnMap":{"1":{"name":"(anonymous_1)","line":12,"loc":{"start":{"line":12,"column":1},"end":{"line":12,"column":13}}},"2":{"name":"(anonymous_2)","line":19,"loc":{"start":{"line":19,"column":5},"end":{"line":19,"column":17}}},"3":{"name":"(anonymous_3)","line":23,"loc":{"start":{"line":23,"column":24},"end":{"line":23,"column":36}}},"4":{"name":"(anonymous_4)","line":61,"loc":{"start":{"line":61,"column":5},"end":{"line":61,"column":17}}},"5":{"name":"(anonymous_5)","line":82,"loc":{"start":{"line":82,"column":5},"end":{"line":82,"column":17}}},"6":{"name":"(anonymous_6)","line":91,"loc":{"start":{"line":91,"column":77},"end":{"line":94,"column":10}}},"7":{"name":"(anonymous_7)","line":112,"loc":{"start":{"line":112,"column":83},"end":{"line":115,"column":10}},"skip":true},"8":{"name":"(anonymous_8)","line":123,"loc":{"start":{"line":123,"column":77},"end":{"line":126,"column":10}},"skip":true},"9":{"name":"(anonymous_9)","line":139,"loc":{"start":{"line":139,"column":12},"end":{"line":139,"column":40}},"skip":true},"10":{"name":"(anonymous_10)","line":147,"loc":{"start":{"line":147,"column":77},"end":{"line":150,"column":10}},"skip":true},"11":{"name":"(anonymous_11)","line":158,"loc":{"start":{"line":158,"column":83},"end":{"line":161,"column":10}},"skip":true},"12":{"name":"(anonymous_12)","line":169,"loc":{"start":{"line":169,"column":79},"end":{"line":172,"column":10}},"skip":true},"13":{"name":"(anonymous_13)","line":180,"loc":{"start":{"line":180,"column":75},"end":{"line":183,"column":10}},"skip":true}},"statementMap":{"1":{"start":{"line":12,"column":0},"end":{"line":195,"column":5}},"2":{"start":{"line":14,"column":4},"end":{"line":14,"column":14}},"3":{"start":{"line":19,"column":4},"end":{"line":56,"column":9}},"4":{"start":{"line":21,"column":8},"end":{"line":21,"column":19}},"5":{"start":{"line":23,"column":8},"end":{"line":35,"column":13}},"6":{"start":{"line":24,"column":12},"end":{"line":34,"column":13}},"7":{"start":{"line":25,"column":16},"end":{"line":28,"column":30}},"8":{"start":{"line":30,"column":16},"end":{"line":33,"column":27}},"9":{"start":{"line":37,"column":8},"end":{"line":39,"column":21}},"10":{"start":{"line":40,"column":8},"end":{"line":53,"column":9}},"11":{"start":{"line":43,"column":12},"end":{"line":46,"column":14}},"12":{"start":{"line":47,"column":12},"end":{"line":47,"column":18}},"13":{"start":{"line":50,"column":12},"end":{"line":51,"column":33}},"14":{"start":{"line":52,"column":12},"end":{"line":52,"column":18}},"15":{"start":{"line":55,"column":8},"end":{"line":55,"column":35}},"16":{"start":{"line":61,"column":4},"end":{"line":63,"column":9}},"17":{"start":{"line":62,"column":8},"end":{"line":62,"column":15}},"18":{"start":{"line":64,"column":4},"end":{"line":77,"column":5}},"19":{"start":{"line":70,"column":8},"end":{"line":70,"column":14}},"20":{"start":{"line":76,"column":8},"end":{"line":76,"column":14}},"21":{"start":{"line":82,"column":4},"end":{"line":84,"column":9}},"22":{"start":{"line":83,"column":8},"end":{"line":83,"column":15}},"23":{"start":{"line":85,"column":4},"end":{"line":194,"column":5}},"24":{"start":{"line":91,"column":8},"end":{"line":99,"column":10}},"25":{"start":{"line":98,"column":12},"end":{"line":98,"column":35}},"26":{"start":{"line":102,"column":8},"end":{"line":104,"column":63}},"27":{"start":{"line":105,"column":8},"end":{"line":105,"column":14}},"28":{"start":{"line":112,"column":8},"end":{"line":121,"column":10},"skip":true},"29":{"start":{"line":119,"column":12},"end":{"line":119,"column":55},"skip":true},"30":{"start":{"line":120,"column":12},"end":{"line":120,"column":48},"skip":true},"31":{"start":{"line":123,"column":8},"end":{"line":136,"column":10},"skip":true},"32":{"start":{"line":130,"column":12},"end":{"line":130,"column":76},"skip":true},"33":{"start":{"line":131,"column":12},"end":{"line":131,"column":73},"skip":true},"34":{"start":{"line":132,"column":12},"end":{"line":132,"column":74},"skip":true},"35":{"start":{"line":133,"column":12},"end":{"line":133,"column":79},"skip":true},"36":{"start":{"line":134,"column":12},"end":{"line":134,"column":25},"skip":true},"37":{"start":{"line":135,"column":12},"end":{"line":135,"column":45},"skip":true},"38":{"start":{"line":138,"column":8},"end":{"line":145,"column":14},"skip":true},"39":{"start":{"line":143,"column":16},"end":{"line":143,"column":29},"skip":true},"40":{"start":{"line":144,"column":16},"end":{"line":144,"column":55},"skip":true},"41":{"start":{"line":147,"column":8},"end":{"line":156,"column":10},"skip":true},"42":{"start":{"line":154,"column":12},"end":{"line":154,"column":25},"skip":true},"43":{"start":{"line":155,"column":12},"end":{"line":155,"column":45},"skip":true},"44":{"start":{"line":158,"column":8},"end":{"line":167,"column":10},"skip":true},"45":{"start":{"line":165,"column":12},"end":{"line":165,"column":25},"skip":true},"46":{"start":{"line":166,"column":12},"end":{"line":166,"column":48},"skip":true},"47":{"start":{"line":169,"column":8},"end":{"line":178,"column":10},"skip":true},"48":{"start":{"line":176,"column":12},"end":{"line":176,"column":25},"skip":true},"49":{"start":{"line":177,"column":12},"end":{"line":177,"column":46},"skip":true},"50":{"start":{"line":180,"column":8},"end":{"line":189,"column":10},"skip":true},"51":{"start":{"line":187,"column":12},"end":{"line":187,"column":94},"skip":true},"52":{"start":{"line":188,"column":12},"end":{"line":188,"column":48},"skip":true},"53":{"start":{"line":192,"column":8},"end":{"line":192,"column":35},"skip":true},"54":{"start":{"line":193,"column":8},"end":{"line":193,"column":14},"skip":true}},"branchMap":{"1":{"line":25,"type":"binary-expr","locations":[{"start":{"line":25,"column":23},"end":{"line":25,"column":62}},{"start":{"line":26,"column":20},"end":{"line":26,"column":70}},{"start":{"line":27,"column":20},"end":{"line":27,"column":71}},{"start":{"line":28,"column":20},"end":{"line":28,"column":29}}]},"2":{"line":30,"type":"binary-expr","locations":[{"start":{"line":30,"column":23},"end":{"line":30,"column":37}},{"start":{"line":31,"column":20},"end":{"line":31,"column":61}},{"start":{"line":32,"column":20},"end":{"line":32,"column":70}},{"start":{"line":33,"column":20},"end":{"line":33,"column":26}}]},"3":{"line":37,"type":"cond-expr","locations":[{"start":{"line":38,"column":14},"end":{"line":38,"column":20}},{"start":{"line":39,"column":14},"end":{"line":39,"column":20}}]},"4":{"line":40,"type":"switch","locations":[{"start":{"line":42,"column":8},"end":{"line":47,"column":18}},{"start":{"line":49,"column":8},"end":{"line":52,"column":18}}]},"5":{"line":44,"type":"binary-expr","locations":[{"start":{"line":44,"column":16},"end":{"line":44,"column":44}},{"start":{"line":44,"column":48},"end":{"line":44,"column":66}}]},"6":{"line":50,"type":"binary-expr","locations":[{"start":{"line":50,"column":21},"end":{"line":50,"column":49}},{"start":{"line":50,"column":53},"end":{"line":50,"column":72}}]},"7":{"line":64,"type":"switch","locations":[{"start":{"line":69,"column":4},"end":{"line":70,"column":14}},{"start":{"line":75,"column":4},"end":{"line":76,"column":14}}]},"8":{"line":85,"type":"switch","locations":[{"start":{"line":90,"column":4},"end":{"line":105,"column":14}},{"start":{"line":111,"column":4},"end":{"line":193,"column":14},"skip":true}]},"9":{"line":91,"type":"binary-expr","locations":[{"start":{"line":91,"column":42},"end":{"line":91,"column":73}},{"start":{"line":91,"column":77},"end":{"line":99,"column":9}}]},"10":{"line":102,"type":"binary-expr","locations":[{"start":{"line":102,"column":18},"end":{"line":102,"column":32}},{"start":{"line":103,"column":12},"end":{"line":103,"column":53}},{"start":{"line":104,"column":12},"end":{"line":104,"column":61}}]},"11":{"line":112,"type":"binary-expr","locations":[{"start":{"line":112,"column":45},"end":{"line":112,"column":79},"skip":true},{"start":{"line":112,"column":83},"end":{"line":121,"column":9},"skip":true}]},"12":{"line":123,"type":"binary-expr","locations":[{"start":{"line":123,"column":42},"end":{"line":123,"column":73},"skip":true},{"start":{"line":123,"column":77},"end":{"line":136,"column":9},"skip":true}]},"13":{"line":138,"type":"binary-expr","locations":[{"start":{"line":138,"column":48},"end":{"line":138,"column":85},"skip":true},{"start":{"line":139,"column":12},"end":{"line":145,"column":13},"skip":true}]},"14":{"line":147,"type":"binary-expr","locations":[{"start":{"line":147,"column":42},"end":{"line":147,"column":73},"skip":true},{"start":{"line":147,"column":77},"end":{"line":156,"column":9},"skip":true}]},"15":{"line":158,"type":"binary-expr","locations":[{"start":{"line":158,"column":45},"end":{"line":158,"column":79},"skip":true},{"start":{"line":158,"column":83},"end":{"line":167,"column":9},"skip":true}]},"16":{"line":169,"type":"binary-expr","locations":[{"start":{"line":169,"column":43},"end":{"line":169,"column":75},"skip":true},{"start":{"line":169,"column":79},"end":{"line":178,"column":9},"skip":true}]},"17":{"line":180,"type":"binary-expr","locations":[{"start":{"line":180,"column":41},"end":{"line":180,"column":71},"skip":true},{"start":{"line":180,"column":75},"end":{"line":189,"column":9},"skip":true}]}},"code":["/* istanbul instrument in package npmtest_tmi_js */","/*jslint","    bitwise: true,","    browser: true,","    maxerr: 8,","    maxlen: 96,","    node: true,","    nomen: true,","    regexp: true,","    stupid: true","*/","(function () {","    'use strict';","    var local;","","","","    // run shared js-env code - pre-init","    (function () {","        // init local","        local = {};","        // init modeJs","        local.modeJs = (function () {","            try {","                return typeof navigator.userAgent === 'string' &&","                    typeof document.querySelector('body') === 'object' &&","                    typeof XMLHttpRequest.prototype.open === 'function' &&","                    'browser';","            } catch (errorCaughtBrowser) {","                return module.exports &&","                    typeof process.versions.node === 'string' &&","                    typeof require('http').createServer === 'function' &&","                    'node';","            }","        }());","        // init global","        local.global = local.modeJs === 'browser'","            ? window","            : global;","        switch (local.modeJs) {","        // re-init local from window.local","        case 'browser':","            local = local.global.utility2.objectSetDefault(","                local.global.utility2_rollup || local.global.local,","                local.global.utility2","            );","            break;","        // re-init local from example.js","        case 'node':","            local = (local.global.utility2_rollup || require('utility2'))","                .requireReadme();","            break;","        }","        // export local","        local.global.local = local;","    }());","","","","    // run shared js-env code - function","    (function () {","        return;","    }());","    switch (local.modeJs) {","","","","    // run browser js-env code - function","    case 'browser':","        break;","","","","    // run node js-env code - function","    case 'node':","        break;","    }","","","","    // run shared js-env code - post-init","    (function () {","        return;","    }());","    switch (local.modeJs) {","","","","    // run browser js-env code - post-init","    case 'browser':","        local.testCase_browser_nullCase = local.testCase_browser_nullCase || function (","            options,","            onError","        ) {","        /*","         * this function will test browsers's null-case handling-behavior-behavior","         */","            onError(null, options);","        };","","        // run tests","        local.nop(local.modeTest &&","            document.querySelector('#testRunButton1') &&","            document.querySelector('#testRunButton1').click());","        break;","","","","    // run node js-env code - post-init","    /* istanbul ignore next */","    case 'node':","        local.testCase_buildApidoc_default = local.testCase_buildApidoc_default || function (","            options,","            onError","        ) {","        /*","         * this function will test buildApidoc's default handling-behavior-behavior","         */","            options = { modulePathList: module.paths };","            local.buildApidoc(options, onError);","        };","","        local.testCase_buildApp_default = local.testCase_buildApp_default || function (","            options,","            onError","        ) {","        /*","         * this function will test buildApp's default handling-behavior-behavior","         */","            local.testCase_buildReadme_default(options, local.onErrorThrow);","            local.testCase_buildLib_default(options, local.onErrorThrow);","            local.testCase_buildTest_default(options, local.onErrorThrow);","            local.testCase_buildCustomOrg_default(options, local.onErrorThrow);","            options = [];","            local.buildApp(options, onError);","        };","","        local.testCase_buildCustomOrg_default = local.testCase_buildCustomOrg_default ||","            function (options, onError) {","            /*","             * this function will test buildCustomOrg's default handling-behavior","             */","                options = {};","                local.buildCustomOrg(options, onError);","            };","","        local.testCase_buildLib_default = local.testCase_buildLib_default || function (","            options,","            onError","        ) {","        /*","         * this function will test buildLib's default handling-behavior","         */","            options = {};","            local.buildLib(options, onError);","        };","","        local.testCase_buildReadme_default = local.testCase_buildReadme_default || function (","            options,","            onError","        ) {","        /*","         * this function will test buildReadme's default handling-behavior-behavior","         */","            options = {};","            local.buildReadme(options, onError);","        };","","        local.testCase_buildTest_default = local.testCase_buildTest_default || function (","            options,","            onError","        ) {","        /*","         * this function will test buildTest's default handling-behavior","         */","            options = {};","            local.buildTest(options, onError);","        };","","        local.testCase_webpage_default = local.testCase_webpage_default || function (","            options,","            onError","        ) {","        /*","         * this function will test webpage's default handling-behavior","         */","            options = { modeCoverageMerge: true, url: local.serverLocalHost + '?modeTest=1' };","            local.browserTest(options, onError);","        };","","        // run test-server","        local.testRunServer(local);","        break;","    }","}());",""],"l":{"12":2,"14":2,"19":2,"21":2,"23":2,"24":2,"25":2,"30":1,"37":2,"40":2,"43":1,"47":1,"50":1,"52":1,"55":2,"61":2,"62":2,"64":2,"70":1,"76":1,"82":2,"83":2,"85":2,"91":1,"98":1,"102":1,"105":1,"112":1,"119":1,"120":1,"123":1,"130":1,"131":1,"132":1,"133":1,"134":1,"135":1,"138":1,"143":2,"144":2,"147":1,"154":2,"155":2,"158":1,"165":2,"166":2,"169":1,"176":2,"177":2,"180":1,"187":1,"188":1,"192":1,"193":1}},"/home/travis/build/npmtest/node-npmtest-tmi.js/lib.npmtest_tmi.js.js":{"path":"/home/travis/build/npmtest/node-npmtest-tmi.js/lib.npmtest_tmi.js.js","s":{"1":2,"2":2,"3":2,"4":2,"5":2,"6":2,"7":2,"8":1,"9":2,"10":2,"11":2,"12":2,"13":1,"14":1,"15":1,"16":1},"b":{"1":[2,1,1,1],"2":[1,1,1,1],"3":[1,1],"4":[2,2],"5":[1,1]},"f":{"1":2,"2":2,"3":2},"fnMap":{"1":{"name":"(anonymous_1)","line":12,"loc":{"start":{"line":12,"column":1},"end":{"line":12,"column":13}}},"2":{"name":"(anonymous_2)","line":19,"loc":{"start":{"line":19,"column":5},"end":{"line":19,"column":17}}},"3":{"name":"(anonymous_3)","line":23,"loc":{"start":{"line":23,"column":24},"end":{"line":23,"column":36}}}},"statementMap":{"1":{"start":{"line":12,"column":0},"end":{"line":53,"column":5}},"2":{"start":{"line":14,"column":4},"end":{"line":14,"column":14}},"3":{"start":{"line":19,"column":4},"end":{"line":52,"column":9}},"4":{"start":{"line":21,"column":8},"end":{"line":21,"column":19}},"5":{"start":{"line":23,"column":8},"end":{"line":35,"column":13}},"6":{"start":{"line":24,"column":12},"end":{"line":34,"column":13}},"7":{"start":{"line":25,"column":16},"end":{"line":28,"column":30}},"8":{"start":{"line":30,"column":16},"end":{"line":33,"column":27}},"9":{"start":{"line":37,"column":8},"end":{"line":39,"column":21}},"10":{"start":{"line":41,"column":8},"end":{"line":41,"column":54}},"11":{"start":{"line":43,"column":8},"end":{"line":43,"column":51}},"12":{"start":{"line":45,"column":8},"end":{"line":51,"column":9}},"13":{"start":{"line":46,"column":12},"end":{"line":46,"column":57}},"14":{"start":{"line":48,"column":12},"end":{"line":48,"column":35}},"15":{"start":{"line":49,"column":12},"end":{"line":49,"column":49}},"16":{"start":{"line":50,"column":12},"end":{"line":50,"column":43}}},"branchMap":{"1":{"line":25,"type":"binary-expr","locations":[{"start":{"line":25,"column":23},"end":{"line":25,"column":62}},{"start":{"line":26,"column":20},"end":{"line":26,"column":70}},{"start":{"line":27,"column":20},"end":{"line":27,"column":71}},{"start":{"line":28,"column":20},"end":{"line":28,"column":29}}]},"2":{"line":30,"type":"binary-expr","locations":[{"start":{"line":30,"column":23},"end":{"line":30,"column":37}},{"start":{"line":31,"column":20},"end":{"line":31,"column":61}},{"start":{"line":32,"column":20},"end":{"line":32,"column":70}},{"start":{"line":33,"column":20},"end":{"line":33,"column":26}}]},"3":{"line":37,"type":"cond-expr","locations":[{"start":{"line":38,"column":14},"end":{"line":38,"column":20}},{"start":{"line":39,"column":14},"end":{"line":39,"column":20}}]},"4":{"line":41,"type":"binary-expr","locations":[{"start":{"line":41,"column":16},"end":{"line":41,"column":44}},{"start":{"line":41,"column":48},"end":{"line":41,"column":53}}]},"5":{"line":45,"type":"if","locations":[{"start":{"line":45,"column":8},"end":{"line":45,"column":8}},{"start":{"line":45,"column":8},"end":{"line":45,"column":8}}]}},"code":["/* istanbul instrument in package npmtest_tmi_js */","/*jslint","    bitwise: true,","    browser: true,","    maxerr: 8,","    maxlen: 96,","    node: true,","    nomen: true,","    regexp: true,","    stupid: true","*/","(function () {","    'use strict';","    var local;","","","","    // run shared js-env code - pre-init","    (function () {","        // init local","        local = {};","        // init modeJs","        local.modeJs = (function () {","            try {","                return typeof navigator.userAgent === 'string' &&","                    typeof document.querySelector('body') === 'object' &&","                    typeof XMLHttpRequest.prototype.open === 'function' &&","                    'browser';","            } catch (errorCaughtBrowser) {","                return module.exports &&","                    typeof process.versions.node === 'string' &&","                    typeof require('http').createServer === 'function' &&","                    'node';","            }","        }());","        // init global","        local.global = local.modeJs === 'browser'","            ? window","            : global;","        // init utility2_rollup","        local = local.global.utility2_rollup || local;","        // init lib","        local.local = local.npmtest_tmi_js = local;","        // init exports","        if (local.modeJs === 'browser') {","            local.global.utility2_npmtest_tmi_js = local;","        } else {","            module.exports = local;","            module.exports.__dirname = __dirname;","            module.exports.module = module;","        }","    }());","}());",""],"l":{"12":2,"14":2,"19":2,"21":2,"23":2,"24":2,"25":2,"30":1,"37":2,"41":2,"43":2,"45":2,"46":1,"48":1,"49":1,"50":1}},"/home/travis/build/npmtest/node-npmtest-tmi.js/example.js":{"path":"/home/travis/build/npmtest/node-npmtest-tmi.js/example.js","s":{"1":2,"2":2,"3":2,"4":2,"5":2,"6":2,"7":2,"8":1,"9":2,"10":2,"11":2,"12":2,"13":1,"14":2,"15":2,"16":2,"17":2,"18":2,"19":0,"20":2,"21":1,"22":1,"23":1,"24":1,"25":1,"26":0,"27":0,"28":1,"29":1,"30":2,"31":0,"32":0,"33":0,"34":1,"35":2,"36":2,"37":3,"38":3,"39":3,"40":3,"41":0,"42":3,"43":3,"44":3,"45":1,"46":3,"47":1,"48":1,"49":1,"50":1,"51":1,"52":1,"53":1,"54":1,"55":1,"56":1,"57":0,"58":1,"59":6,"60":6,"61":1,"62":2,"63":0,"64":2,"65":1,"66":1,"67":0,"68":0,"69":0,"70":0,"71":0,"72":0,"73":0,"74":0,"75":0,"76":0,"77":0,"78":0,"79":0,"80":0,"81":0,"82":0,"83":0},"b":{"1":[2,1,1,1],"2":[1,1,1,1],"3":[1,1],"4":[2,2],"5":[1,1],"6":[1,1],"7":[2,0],"8":[2,1,1,1,1,1],"9":[0,2,0],"10":[1,1],"11":[2,1,1],"12":[1,0],"13":[0,2],"14":[2,0,0,0,0,0,0],"15":[0,3],"16":[3,0],"17":[1,1],"18":[0,1],"19":[1,2,0,2],"20":[1,0],"21":[1,1],"22":[0,0],"23":[0,0],"24":[0,0],"25":[0,0],"26":[0,0],"27":[0,0],"28":[0,0]},"f":{"1":2,"2":2,"3":2,"4":2,"5":2,"6":2,"7":3,"8":3,"9":3,"10":1,"11":6,"12":0},"fnMap":{"1":{"name":"(anonymous_1)","line":26,"loc":{"start":{"line":26,"column":1},"end":{"line":26,"column":13}}},"2":{"name":"(anonymous_2)","line":33,"loc":{"start":{"line":33,"column":5},"end":{"line":33,"column":17}}},"3":{"name":"(anonymous_3)","line":37,"loc":{"start":{"line":37,"column":24},"end":{"line":37,"column":36}}},"4":{"name":"(anonymous_4)","line":69,"loc":{"start":{"line":69,"column":31},"end":{"line":69,"column":48}},"skip":true},"5":{"name":"(anonymous_5)","line":78,"loc":{"start":{"line":78,"column":26},"end":{"line":78,"column":45}},"skip":true},"6":{"name":"(anonymous_6)","line":123,"loc":{"start":{"line":123,"column":33},"end":{"line":123,"column":48}},"skip":true},"7":{"name":"(anonymous_7)","line":125,"loc":{"start":{"line":125,"column":27},"end":{"line":125,"column":39}},"skip":true},"8":{"name":"(anonymous_8)","line":133,"loc":{"start":{"line":133,"column":59},"end":{"line":133,"column":74}},"skip":true},"9":{"name":"(anonymous_9)","line":143,"loc":{"start":{"line":143,"column":45},"end":{"line":143,"column":62}},"skip":true},"10":{"name":"(anonymous_10)","line":144,"loc":{"start":{"line":144,"column":73},"end":{"line":144,"column":92}},"skip":true},"11":{"name":"(anonymous_11)","line":272,"loc":{"start":{"line":272,"column":51},"end":{"line":272,"column":77}},"skip":true},"12":{"name":"(anonymous_12)","line":315,"loc":{"start":{"line":315,"column":32},"end":{"line":315,"column":61}},"skip":true}},"statementMap":{"1":{"start":{"line":26,"column":0},"end":{"line":326,"column":5}},"2":{"start":{"line":28,"column":4},"end":{"line":28,"column":14}},"3":{"start":{"line":33,"column":4},"end":{"line":60,"column":9}},"4":{"start":{"line":35,"column":8},"end":{"line":35,"column":19}},"5":{"start":{"line":37,"column":8},"end":{"line":49,"column":13}},"6":{"start":{"line":38,"column":12},"end":{"line":48,"column":13}},"7":{"start":{"line":39,"column":16},"end":{"line":42,"column":30}},"8":{"start":{"line":44,"column":16},"end":{"line":47,"column":27}},"9":{"start":{"line":51,"column":8},"end":{"line":53,"column":21}},"10":{"start":{"line":55,"column":8},"end":{"line":57,"column":45}},"11":{"start":{"line":59,"column":8},"end":{"line":59,"column":35}},"12":{"start":{"line":61,"column":4},"end":{"line":325,"column":5}},"13":{"start":{"line":69,"column":8},"end":{"line":121,"column":10},"skip":true},"14":{"start":{"line":70,"column":12},"end":{"line":88,"column":13},"skip":true},"15":{"start":{"line":76,"column":16},"end":{"line":87,"column":19},"skip":true},"16":{"start":{"line":79,"column":20},"end":{"line":86,"column":21},"skip":true},"17":{"start":{"line":82,"column":24},"end":{"line":82,"column":43},"skip":true},"18":{"start":{"line":83,"column":24},"end":{"line":83,"column":30},"skip":true},"19":{"start":{"line":85,"column":24},"end":{"line":85,"column":49},"skip":true},"20":{"start":{"line":89,"column":12},"end":{"line":107,"column":13},"skip":true},"21":{"start":{"line":92,"column":16},"end":{"line":102,"column":17},"skip":true},"22":{"start":{"line":93,"column":20},"end":{"line":93,"column":86},"skip":true},"23":{"start":{"line":94,"column":20},"end":{"line":95,"column":45},"skip":true},"24":{"start":{"line":96,"column":20},"end":{"line":96,"column":42},"skip":true},"25":{"start":{"line":97,"column":20},"end":{"line":97,"column":48},"skip":true},"26":{"start":{"line":100,"column":20},"end":{"line":100,"column":85},"skip":true},"27":{"start":{"line":101,"column":20},"end":{"line":101,"column":96},"skip":true},"28":{"start":{"line":103,"column":16},"end":{"line":103,"column":22},"skip":true},"29":{"start":{"line":106,"column":16},"end":{"line":106,"column":22},"skip":true},"30":{"start":{"line":108,"column":12},"end":{"line":120,"column":13},"skip":true},"31":{"start":{"line":114,"column":16},"end":{"line":119,"column":17},"skip":true},"32":{"start":{"line":116,"column":20},"end":{"line":116,"column":78},"skip":true},"33":{"start":{"line":118,"column":20},"end":{"line":118,"column":47},"skip":true},"34":{"start":{"line":123,"column":8},"end":{"line":141,"column":11},"skip":true},"35":{"start":{"line":124,"column":12},"end":{"line":124,"column":54},"skip":true},"36":{"start":{"line":125,"column":12},"end":{"line":140,"column":14},"skip":true},"37":{"start":{"line":126,"column":16},"end":{"line":126,"column":28},"skip":true},"38":{"start":{"line":127,"column":16},"end":{"line":127,"column":69},"skip":true},"39":{"start":{"line":128,"column":16},"end":{"line":128,"column":75},"skip":true},"40":{"start":{"line":129,"column":16},"end":{"line":131,"column":17},"skip":true},"41":{"start":{"line":130,"column":20},"end":{"line":130,"column":27},"skip":true},"42":{"start":{"line":133,"column":16},"end":{"line":137,"column":36},"skip":true},"43":{"start":{"line":134,"column":20},"end":{"line":136,"column":55},"skip":true},"44":{"start":{"line":139,"column":16},"end":{"line":139,"column":57},"skip":true},"45":{"start":{"line":143,"column":8},"end":{"line":147,"column":11},"skip":true},"46":{"start":{"line":144,"column":12},"end":{"line":146,"column":15},"skip":true},"47":{"start":{"line":145,"column":16},"end":{"line":145,"column":70},"skip":true},"48":{"start":{"line":149,"column":8},"end":{"line":149,"column":31},"skip":true},"49":{"start":{"line":150,"column":8},"end":{"line":150,"column":14},"skip":true},"50":{"start":{"line":158,"column":8},"end":{"line":158,"column":31},"skip":true},"51":{"start":{"line":160,"column":8},"end":{"line":160,"column":33},"skip":true},"52":{"start":{"line":161,"column":8},"end":{"line":161,"column":37},"skip":true},"53":{"start":{"line":162,"column":8},"end":{"line":162,"column":35},"skip":true},"54":{"start":{"line":164,"column":8},"end":{"line":164,"column":50},"skip":true},"55":{"start":{"line":166,"column":8},"end":{"line":256,"column":2},"skip":true},"56":{"start":{"line":258,"column":8},"end":{"line":286,"column":9},"skip":true},"57":{"start":{"line":259,"column":12},"end":{"line":269,"column":14},"skip":true},"58":{"start":{"line":271,"column":12},"end":{"line":285,"column":19},"skip":true},"59":{"start":{"line":274,"column":20},"end":{"line":274,"column":35},"skip":true},"60":{"start":{"line":275,"column":20},"end":{"line":284,"column":21},"skip":true},"61":{"start":{"line":277,"column":24},"end":{"line":277,"column":64},"skip":true},"62":{"start":{"line":279,"column":24},"end":{"line":279,"column":40},"skip":true},"63":{"start":{"line":281,"column":24},"end":{"line":281,"column":40},"skip":true},"64":{"start":{"line":283,"column":24},"end":{"line":283,"column":39},"skip":true},"65":{"start":{"line":288,"column":8},"end":{"line":290,"column":9},"skip":true},"66":{"start":{"line":289,"column":12},"end":{"line":289,"column":18},"skip":true},"67":{"start":{"line":291,"column":8},"end":{"line":293,"column":54},"skip":true},"68":{"start":{"line":296,"column":8},"end":{"line":301,"column":37},"skip":true},"69":{"start":{"line":303,"column":8},"end":{"line":303,"column":82},"skip":true},"70":{"start":{"line":306,"column":8},"end":{"line":308,"column":9},"skip":true},"71":{"start":{"line":307,"column":12},"end":{"line":307,"column":82},"skip":true},"72":{"start":{"line":310,"column":8},"end":{"line":312,"column":9},"skip":true},"73":{"start":{"line":311,"column":12},"end":{"line":311,"column":18},"skip":true},"74":{"start":{"line":313,"column":8},"end":{"line":313,"column":54},"skip":true},"75":{"start":{"line":314,"column":8},"end":{"line":314,"column":69},"skip":true},"76":{"start":{"line":315,"column":8},"end":{"line":323,"column":36},"skip":true},"77":{"start":{"line":316,"column":12},"end":{"line":316,"column":61},"skip":true},"78":{"start":{"line":317,"column":12},"end":{"line":320,"column":13},"skip":true},"79":{"start":{"line":318,"column":16},"end":{"line":318,"column":75},"skip":true},"80":{"start":{"line":319,"column":16},"end":{"line":319,"column":23},"skip":true},"81":{"start":{"line":321,"column":12},"end":{"line":321,"column":38},"skip":true},"82":{"start":{"line":322,"column":12},"end":{"line":322,"column":27},"skip":true},"83":{"start":{"line":324,"column":8},"end":{"line":324,"column":14},"skip":true}},"branchMap":{"1":{"line":39,"type":"binary-expr","locations":[{"start":{"line":39,"column":23},"end":{"line":39,"column":62}},{"start":{"line":40,"column":20},"end":{"line":40,"column":70}},{"start":{"line":41,"column":20},"end":{"line":41,"column":71}},{"start":{"line":42,"column":20},"end":{"line":42,"column":29}}]},"2":{"line":44,"type":"binary-expr","locations":[{"start":{"line":44,"column":23},"end":{"line":44,"column":37}},{"start":{"line":45,"column":20},"end":{"line":45,"column":61}},{"start":{"line":46,"column":20},"end":{"line":46,"column":70}},{"start":{"line":47,"column":20},"end":{"line":47,"column":26}}]},"3":{"line":51,"type":"cond-expr","locations":[{"start":{"line":52,"column":14},"end":{"line":52,"column":20}},{"start":{"line":53,"column":14},"end":{"line":53,"column":20}}]},"4":{"line":55,"type":"binary-expr","locations":[{"start":{"line":55,"column":16},"end":{"line":55,"column":44}},{"start":{"line":55,"column":49},"end":{"line":57,"column":43}}]},"5":{"line":55,"type":"cond-expr","locations":[{"start":{"line":56,"column":14},"end":{"line":56,"column":50}},{"start":{"line":57,"column":14},"end":{"line":57,"column":43}}]},"6":{"line":61,"type":"switch","locations":[{"start":{"line":68,"column":4},"end":{"line":150,"column":14},"skip":true},{"start":{"line":156,"column":4},"end":{"line":324,"column":14},"skip":true}]},"7":{"line":70,"type":"if","locations":[{"start":{"line":70,"column":12},"end":{"line":70,"column":12},"skip":true},{"start":{"line":70,"column":12},"end":{"line":70,"column":12},"skip":true}]},"8":{"line":70,"type":"binary-expr","locations":[{"start":{"line":70,"column":16},"end":{"line":70,"column":22},"skip":true},{"start":{"line":70,"column":27},"end":{"line":70,"column":32},"skip":true},{"start":{"line":71,"column":20},"end":{"line":71,"column":39},"skip":true},{"start":{"line":72,"column":20},"end":{"line":72,"column":49},"skip":true},{"start":{"line":73,"column":20},"end":{"line":73,"column":58},"skip":true},{"start":{"line":74,"column":20},"end":{"line":74,"column":69},"skip":true}]},"9":{"line":79,"type":"switch","locations":[{"start":{"line":80,"column":20},"end":{"line":80,"column":33},"skip":true},{"start":{"line":81,"column":20},"end":{"line":83,"column":30},"skip":true},{"start":{"line":84,"column":20},"end":{"line":85,"column":49},"skip":true}]},"10":{"line":89,"type":"switch","locations":[{"start":{"line":90,"column":12},"end":{"line":103,"column":22},"skip":true},{"start":{"line":105,"column":12},"end":{"line":106,"column":22},"skip":true}]},"11":{"line":89,"type":"binary-expr","locations":[{"start":{"line":89,"column":20},"end":{"line":89,"column":25},"skip":true},{"start":{"line":89,"column":29},"end":{"line":89,"column":48},"skip":true},{"start":{"line":89,"column":52},"end":{"line":89,"column":74},"skip":true}]},"12":{"line":92,"type":"if","locations":[{"start":{"line":92,"column":16},"end":{"line":92,"column":16},"skip":true},{"start":{"line":92,"column":16},"end":{"line":92,"column":16},"skip":true}]},"13":{"line":108,"type":"if","locations":[{"start":{"line":108,"column":12},"end":{"line":108,"column":12},"skip":true},{"start":{"line":108,"column":12},"end":{"line":108,"column":12},"skip":true}]},"14":{"line":108,"type":"binary-expr","locations":[{"start":{"line":108,"column":16},"end":{"line":108,"column":61},"skip":true},{"start":{"line":108,"column":66},"end":{"line":108,"column":72},"skip":true},{"start":{"line":108,"column":77},"end":{"line":108,"column":82},"skip":true},{"start":{"line":109,"column":20},"end":{"line":109,"column":39},"skip":true},{"start":{"line":110,"column":20},"end":{"line":110,"column":49},"skip":true},{"start":{"line":111,"column":20},"end":{"line":111,"column":58},"skip":true},{"start":{"line":112,"column":20},"end":{"line":112,"column":68},"skip":true}]},"15":{"line":129,"type":"if","locations":[{"start":{"line":129,"column":16},"end":{"line":129,"column":16},"skip":true},{"start":{"line":129,"column":16},"end":{"line":129,"column":16},"skip":true}]},"16":{"line":134,"type":"cond-expr","locations":[{"start":{"line":135,"column":26},"end":{"line":135,"column":29},"skip":true},{"start":{"line":136,"column":26},"end":{"line":136,"column":54},"skip":true}]},"17":{"line":164,"type":"binary-expr","locations":[{"start":{"line":164,"column":27},"end":{"line":164,"column":43},"skip":true},{"start":{"line":164,"column":47},"end":{"line":164,"column":49},"skip":true}]},"18":{"line":258,"type":"if","locations":[{"start":{"line":258,"column":8},"end":{"line":258,"column":8},"skip":true},{"start":{"line":258,"column":8},"end":{"line":258,"column":8},"skip":true}]},"19":{"line":275,"type":"switch","locations":[{"start":{"line":276,"column":20},"end":{"line":277,"column":64},"skip":true},{"start":{"line":278,"column":20},"end":{"line":279,"column":40},"skip":true},{"start":{"line":280,"column":20},"end":{"line":281,"column":40},"skip":true},{"start":{"line":282,"column":20},"end":{"line":283,"column":39},"skip":true}]},"20":{"line":288,"type":"if","locations":[{"start":{"line":288,"column":8},"end":{"line":288,"column":8},"skip":true},{"start":{"line":288,"column":8},"end":{"line":288,"column":8},"skip":true}]},"21":{"line":288,"type":"binary-expr","locations":[{"start":{"line":288,"column":12},"end":{"line":288,"column":40},"skip":true},{"start":{"line":288,"column":44},"end":{"line":288,"column":67},"skip":true}]},"22":{"line":292,"type":"binary-expr","locations":[{"start":{"line":292,"column":12},"end":{"line":292,"column":50},"skip":true},{"start":{"line":293,"column":12},"end":{"line":293,"column":53},"skip":true}]},"23":{"line":297,"type":"binary-expr","locations":[{"start":{"line":297,"column":12},"end":{"line":297,"column":64},"skip":true},{"start":{"line":298,"column":12},"end":{"line":301,"column":36},"skip":true}]},"24":{"line":303,"type":"binary-expr","locations":[{"start":{"line":303,"column":43},"end":{"line":303,"column":75},"skip":true},{"start":{"line":303,"column":79},"end":{"line":303,"column":81},"skip":true}]},"25":{"line":306,"type":"if","locations":[{"start":{"line":306,"column":8},"end":{"line":306,"column":8},"skip":true},{"start":{"line":306,"column":8},"end":{"line":306,"column":8},"skip":true}]},"26":{"line":310,"type":"if","locations":[{"start":{"line":310,"column":8},"end":{"line":310,"column":8},"skip":true},{"start":{"line":310,"column":8},"end":{"line":310,"column":8},"skip":true}]},"27":{"line":313,"type":"binary-expr","locations":[{"start":{"line":313,"column":27},"end":{"line":313,"column":43},"skip":true},{"start":{"line":313,"column":47},"end":{"line":313,"column":53},"skip":true}]},"28":{"line":317,"type":"if","locations":[{"start":{"line":317,"column":12},"end":{"line":317,"column":12},"skip":true},{"start":{"line":317,"column":12},"end":{"line":317,"column":12},"skip":true}]}},"code":["/*","example.js","","quickstart example","","instruction","    1. save this script as example.js","    2. run the shell command:","        $ npm install npmtest-tmi.js && PORT=8081 node example.js","    3. play with the browser-demo on http://127.0.0.1:8081","*/","","","","/* istanbul instrument in package npmtest_tmi_js */","/*jslint","    bitwise: true,","    browser: true,","    maxerr: 8,","    maxlen: 96,","    node: true,","    nomen: true,","    regexp: true,","    stupid: true","*/","(function () {","    'use strict';","    var local;","","","","    // run shared js-env code - pre-init","    (function () {","        // init local","        local = {};","        // init modeJs","        local.modeJs = (function () {","            try {","                return typeof navigator.userAgent === 'string' &&","                    typeof document.querySelector('body') === 'object' &&","                    typeof XMLHttpRequest.prototype.open === 'function' &&","                    'browser';","            } catch (errorCaughtBrowser) {","                return module.exports &&","                    typeof process.versions.node === 'string' &&","                    typeof require('http').createServer === 'function' &&","                    'node';","            }","        }());","        // init global","        local.global = local.modeJs === 'browser'","            ? window","            : global;","        // init utility2_rollup","        local = local.global.utility2_rollup || (local.modeJs === 'browser'","            ? local.global.utility2_npmtest_tmi_js","            : global.utility2_moduleExports);","        // export local","        local.global.local = local;","    }());","    switch (local.modeJs) {","","","","    // post-init","    // run browser js-env code - post-init","    /* istanbul ignore next */","    case 'browser':","        local.testRunBrowser = function (event) {","            if (!event || (event &&","                    event.currentTarget &&","                    event.currentTarget.className &&","                    event.currentTarget.className.includes &&","                    event.currentTarget.className.includes('onreset'))) {","                // reset output","                Array.from(","                    document.querySelectorAll('body > .resettable')","                ).forEach(function (element) {","                    switch (element.tagName) {","                    case 'INPUT':","                    case 'TEXTAREA':","                        element.value = '';","                        break;","                    default:","                        element.textContent = '';","                    }","                });","            }","            switch (event && event.currentTarget && event.currentTarget.id) {","            case 'testRunButton1':","                // show tests","                if (document.querySelector('#testReportDiv1').style.display === 'none') {","                    document.querySelector('#testReportDiv1').style.display = 'block';","                    document.querySelector('#testRunButton1').textContent =","                        'hide internal test';","                    local.modeTest = true;","                    local.testRunDefault(local);","                // hide tests","                } else {","                    document.querySelector('#testReportDiv1').style.display = 'none';","                    document.querySelector('#testRunButton1').textContent = 'run internal test';","                }","                break;","            // custom-case","            default:","                break;","            }","            if (document.querySelector('#inputTextareaEval1') && (!event || (event &&","                    event.currentTarget &&","                    event.currentTarget.className &&","                    event.currentTarget.className.includes &&","                    event.currentTarget.className.includes('oneval')))) {","                // try to eval input-code","                try {","                    /*jslint evil: true*/","                    eval(document.querySelector('#inputTextareaEval1').value);","                } catch (errorCaught) {","                    console.error(errorCaught);","                }","            }","        };","        // log stderr and stdout to #outputTextareaStdout1","        ['error', 'log'].forEach(function (key) {","            console[key + '_original'] = console[key];","            console[key] = function () {","                var element;","                console[key + '_original'].apply(console, arguments);","                element = document.querySelector('#outputTextareaStdout1');","                if (!element) {","                    return;","                }","                // append text to #outputTextareaStdout1","                element.value += Array.from(arguments).map(function (arg) {","                    return typeof arg === 'string'","                        ? arg","                        : JSON.stringify(arg, null, 4);","                }).join(' ') + '\\n';","                // scroll textarea to bottom","                element.scrollTop = element.scrollHeight;","            };","        });","        // init event-handling","        ['change', 'click', 'keyup'].forEach(function (event) {","            Array.from(document.querySelectorAll('.on' + event)).forEach(function (element) {","                element.addEventListener(event, local.testRunBrowser);","            });","        });","        // run tests","        local.testRunBrowser();","        break;","","","","    // run node js-env code - post-init","    /* istanbul ignore next */","    case 'node':","        // export local","        module.exports = local;","        // require modules","        local.fs = require('fs');","        local.http = require('http');","        local.url = require('url');","        // init assets","        local.assetsDict = local.assetsDict || {};","        /* jslint-ignore-begin */","        local.assetsDict['/assets.index.template.html'] = '\\","<!doctype html>\\n\\","<html lang=\"en\">\\n\\","<head>\\n\\","<meta charset=\"UTF-8\">\\n\\","<meta name=\"viewport\" content=\"width=device-width, initial-scale=1\">\\n\\","<title>{{env.npm_package_name}} (v{{env.npm_package_version}})</title>\\n\\","<style>\\n\\","/*csslint\\n\\","    box-sizing: false,\\n\\","    universal-selector: false\\n\\","*/\\n\\","* {\\n\\","    box-sizing: border-box;\\n\\","}\\n\\","body {\\n\\","    background: #dde;\\n\\","    font-family: Arial, Helvetica, sans-serif;\\n\\","    margin: 2rem;\\n\\","}\\n\\","body > * {\\n\\","    margin-bottom: 1rem;\\n\\","}\\n\\",".utility2FooterDiv {\\n\\","    margin-top: 20px;\\n\\","    text-align: center;\\n\\","}\\n\\","</style>\\n\\","<style>\\n\\","/*csslint\\n\\","*/\\n\\","textarea {\\n\\","    font-family: monospace;\\n\\","    height: 10rem;\\n\\","    width: 100%;\\n\\","}\\n\\","textarea[readonly] {\\n\\","    background: #ddd;\\n\\","}\\n\\","</style>\\n\\","</head>\\n\\","<body>\\n\\","<!-- utility2-comment\\n\\","<div id=\"ajaxProgressDiv1\" style=\"background: #d00; height: 2px; left: 0; margin: 0; padding: 0; position: fixed; top: 0; transition: background 0.5s, width 1.5s; width: 25%;\"></div>\\n\\","utility2-comment -->\\n\\","<h1>\\n\\","<!-- utility2-comment\\n\\","    <a\\n\\","        {{#if env.npm_package_homepage}}\\n\\","        href=\"{{env.npm_package_homepage}}\"\\n\\","        {{/if env.npm_package_homepage}}\\n\\","        target=\"_blank\"\\n\\","    >\\n\\","utility2-comment -->\\n\\","        {{env.npm_package_name}} (v{{env.npm_package_version}})\\n\\","<!-- utility2-comment\\n\\","    </a>\\n\\","utility2-comment -->\\n\\","</h1>\\n\\","<h3>{{env.npm_package_description}}</h3>\\n\\","<!-- utility2-comment\\n\\","<h4><a download href=\"assets.app.js\">download standalone app</a></h4>\\n\\","<button class=\"onclick onreset\" id=\"testRunButton1\">run internal test</button><br>\\n\\","<div id=\"testReportDiv1\" style=\"display: none;\"></div>\\n\\","utility2-comment -->\\n\\","\\n\\","\\n\\","\\n\\","<label>stderr and stdout</label>\\n\\","<textarea class=\"resettable\" id=\"outputTextareaStdout1\" readonly></textarea>\\n\\","<!-- utility2-comment\\n\\","{{#if isRollup}}\\n\\","<script src=\"assets.app.js\"></script>\\n\\","{{#unless isRollup}}\\n\\","utility2-comment -->\\n\\","<script src=\"assets.utility2.rollup.js\"></script>\\n\\","<script src=\"jsonp.utility2._stateInit?callback=window.utility2._stateInit\"></script>\\n\\","<script src=\"assets.npmtest_tmi_js.rollup.js\"></script>\\n\\","<script src=\"assets.example.js\"></script>\\n\\","<script src=\"assets.test.js\"></script>\\n\\","<!-- utility2-comment\\n\\","{{/if isRollup}}\\n\\","utility2-comment -->\\n\\","<div class=\"utility2FooterDiv\">\\n\\","    [ this app was created with\\n\\","    <a href=\"https://github.com/kaizhu256/node-utility2\" target=\"_blank\">utility2</a>\\n\\","    ]\\n\\","</div>\\n\\","</body>\\n\\","</html>\\n\\","';","        /* jslint-ignore-end */","        if (local.templateRender) {","            local.assetsDict['/'] = local.templateRender(","                local.assetsDict['/assets.index.template.html'],","                {","                    env: local.objectSetDefault(local.env, {","                        npm_package_description: 'the greatest app in the world!',","                        npm_package_name: 'my-app',","                        npm_package_nameAlias: 'my_app',","                        npm_package_version: '0.0.1'","                    })","                }","            );","        } else {","            local.assetsDict['/'] = local.assetsDict['/assets.index.template.html']","                .replace((/\\{\\{env\\.(\\w+?)\\}\\}/g), function (match0, match1) {","                    // jslint-hack","                    String(match0);","                    switch (match1) {","                    case 'npm_package_description':","                        return 'the greatest app in the world!';","                    case 'npm_package_name':","                        return 'my-app';","                    case 'npm_package_nameAlias':","                        return 'my_app';","                    case 'npm_package_version':","                        return '0.0.1';","                    }","                });","        }","        // run the cli","        if (local.global.utility2_rollup || module !== require.main) {","            break;","        }","        local.assetsDict['/assets.example.js'] =","            local.assetsDict['/assets.example.js'] ||","            local.fs.readFileSync(__filename, 'utf8');","        // bug-workaround - long $npm_package_buildCustomOrg","        /* jslint-ignore-begin */","        local.assetsDict['/assets.npmtest_tmi_js.rollup.js'] =","            local.assetsDict['/assets.npmtest_tmi_js.rollup.js'] ||","            local.fs.readFileSync(","                local.npmtest_tmi_js.__dirname + '/lib.npmtest_tmi_js.js',","                'utf8'","            ).replace((/^#!/), '//');","        /* jslint-ignore-end */","        local.assetsDict['/favicon.ico'] = local.assetsDict['/favicon.ico'] || '';","        // if $npm_config_timeout_exit exists,","        // then exit this process after $npm_config_timeout_exit ms","        if (Number(process.env.npm_config_timeout_exit)) {","            setTimeout(process.exit, Number(process.env.npm_config_timeout_exit));","        }","        // start server","        if (local.global.utility2_serverHttp1) {","            break;","        }","        process.env.PORT = process.env.PORT || '8081';","        console.error('server starting on port ' + process.env.PORT);","        local.http.createServer(function (request, response) {","            request.urlParsed = local.url.parse(request.url);","            if (local.assetsDict[request.urlParsed.pathname] !== undefined) {","                response.end(local.assetsDict[request.urlParsed.pathname]);","                return;","            }","            response.statusCode = 404;","            response.end();","        }).listen(process.env.PORT);","        break;","    }","}());",""],"l":{"26":2,"28":2,"33":2,"35":2,"37":2,"38":2,"39":2,"44":1,"51":2,"55":2,"59":2,"61":2,"69":1,"70":2,"76":2,"79":2,"82":2,"83":2,"85":1,"89":2,"92":1,"93":1,"94":1,"96":1,"97":1,"100":1,"101":1,"103":1,"106":1,"108":2,"114":1,"116":1,"118":1,"123":1,"124":2,"125":2,"126":3,"127":3,"128":3,"129":3,"130":1,"133":3,"134":3,"139":3,"143":1,"144":3,"145":1,"149":1,"150":1,"158":1,"160":1,"161":1,"162":1,"164":1,"166":1,"258":1,"259":1,"271":1,"274":6,"275":6,"277":1,"279":2,"281":1,"283":2,"288":1,"289":1,"291":1,"296":1,"303":1,"306":1,"307":1,"310":1,"311":1,"313":1,"314":1,"315":1,"316":1,"317":1,"318":1,"319":1,"321":1,"322":1,"324":1}},"/home/travis/build/npmtest/node-npmtest-tmi.js/node_modules/tmi.js/index.js":{"path":"/home/travis/build/npmtest/node-npmtest-tmi.js/node_modules/tmi.js/index.js","s":{"1":1,"2":0,"3":0,"4":0,"5":0,"6":1},"b":{"1":[1,0],"2":[1,0],"3":[0,0],"4":[1,0]},"f":{"1":0,"2":0,"3":0},"fnMap":{"1":{"name":"(anonymous_1)","line":2,"loc":{"start":{"line":2,"column":58},"end":{"line":2,"column":69}}},"2":{"name":"(anonymous_2)","line":4,"loc":{"start":{"line":4,"column":66},"end":{"line":4,"column":81}}},"3":{"name":"(anonymous_3)","line":6,"loc":{"start":{"line":6,"column":54},"end":{"line":6,"column":75}}}},"statementMap":{"1":{"start":{"line":2,"column":0},"end":{"line":9,"column":3}},"2":{"start":{"line":3,"column":4},"end":{"line":3,"column":65}},"3":{"start":{"line":5,"column":4},"end":{"line":5,"column":47}},"4":{"start":{"line":7,"column":4},"end":{"line":7,"column":26}},"5":{"start":{"line":8,"column":4},"end":{"line":8,"column":15}},"6":{"start":{"line":11,"column":0},"end":{"line":14,"column":2}}},"branchMap":{"1":{"line":2,"type":"binary-expr","locations":[{"start":{"line":2,"column":0},"end":{"line":2,"column":25}},{"start":{"line":2,"column":30},"end":{"line":4,"column":1}}]},"2":{"line":4,"type":"binary-expr","locations":[{"start":{"line":4,"column":4},"end":{"line":4,"column":31}},{"start":{"line":4,"column":36},"end":{"line":6,"column":1}}]},"3":{"line":5,"type":"binary-expr","locations":[{"start":{"line":5,"column":15},"end":{"line":5,"column":16}},{"start":{"line":5,"column":20},"end":{"line":5,"column":21}}]},"4":{"line":6,"type":"binary-expr","locations":[{"start":{"line":6,"column":4},"end":{"line":6,"column":25}},{"start":{"line":6,"column":30},"end":{"line":9,"column":1}}]}},"code":["// Provide support for < Chrome 41 mainly due to CLR Browser..","String.prototype.includes || (String.prototype.includes = function() {","    return -1 !== String.prototype.indexOf.apply(this, arguments)","}), String.prototype.startsWith || (String.prototype.startsWith = function(a, b) {","    return b = b || 0, this.indexOf(a, b) === b","}), Object.setPrototypeOf || (Object.setPrototypeOf = function(obj, proto) {","    obj.__proto__ = proto;","    return obj;","});","","module.exports={","\tclient:require(\"./lib/client\"),","\tClient:require(\"./lib/client\")","};",""],"l":{"2":1,"3":0,"5":0,"7":0,"8":0,"11":1}},"/home/travis/build/npmtest/node-npmtest-tmi.js/node_modules/tmi.js/lib/client.js":{"path":"/home/travis/build/npmtest/node-npmtest-tmi.js/node_modules/tmi.js/lib/client.js","s":{"1":1,"2":1,"3":1,"4":1,"5":1,"6":1,"7":1,"8":1,"9":1,"10":0,"11":0,"12":0,"13":0,"14":0,"15":0,"16":0,"17":0,"18":0,"19":0,"20":0,"21":0,"22":0,"23":0,"24":0,"25":0,"26":0,"27":0,"28":0,"29":0,"30":0,"31":0,"32":0,"33":0,"34":0,"35":0,"36":0,"37":0,"38":0,"39":0,"40":0,"41":0,"42":0,"43":0,"44":0,"45":0,"46":0,"47":0,"48":0,"49":0,"50":0,"51":0,"52":1,"53":1,"54":1,"55":35,"56":1,"57":0,"58":0,"59":0,"60":0,"61":0,"62":0,"63":0,"64":0,"65":0,"66":0,"67":0,"68":0,"69":0,"70":0,"71":0,"72":0,"73":0,"74":0,"75":0,"76":0,"77":0,"78":0,"79":0,"80":0,"81":0,"82":0,"83":0,"84":0,"85":0,"86":0,"87":0,"88":0,"89":0,"90":0,"91":0,"92":0,"93":0,"94":0,"95":0,"96":0,"97":0,"98":0,"99":0,"100":0,"101":0,"102":0,"103":0,"104":0,"105":0,"106":0,"107":0,"108":0,"109":0,"110":0,"111":0,"112":0,"113":0,"114":0,"115":0,"116":0,"117":0,"118":0,"119":0,"120":0,"121":0,"122":0,"123":0,"124":0,"125":0,"126":0,"127":0,"128":0,"129":0,"130":0,"131":0,"132":0,"133":0,"134":0,"135":0,"136":0,"137":0,"138":0,"139":0,"140":0,"141":0,"142":0,"143":0,"144":0,"145":0,"146":0,"147":0,"148":0,"149":0,"150":0,"151":0,"152":0,"153":0,"154":0,"155":0,"156":0,"157":0,"158":0,"159":0,"160":0,"161":0,"162":0,"163":0,"164":0,"165":0,"166":0,"167":0,"168":0,"169":0,"170":0,"171":0,"172":0,"173":0,"174":0,"175":0,"176":0,"177":0,"178":0,"179":0,"180":0,"181":0,"182":0,"183":0,"184":0,"185":0,"186":0,"187":0,"188":0,"189":0,"190":0,"191":0,"192":0,"193":0,"194":0,"195":0,"196":0,"197":0,"198":0,"199":0,"200":0,"201":0,"202":0,"203":0,"204":0,"205":0,"206":0,"207":0,"208":0,"209":0,"210":0,"211":0,"212":0,"213":0,"214":0,"215":0,"216":0,"217":0,"218":0,"219":0,"220":0,"221":0,"222":0,"223":0,"224":0,"225":0,"226":0,"227":0,"228":0,"229":0,"230":0,"231":0,"232":0,"233":0,"234":0,"235":0,"236":0,"237":0,"238":0,"239":0,"240":0,"241":0,"242":0,"243":0,"244":0,"245":0,"246":0,"247":0,"248":0,"249":0,"250":0,"251":0,"252":0,"253":0,"254":0,"255":0,"256":0,"257":0,"258":0,"259":0,"260":0,"261":0,"262":0,"263":0,"264":0,"265":0,"266":0,"267":0,"268":0,"269":0,"270":0,"271":0,"272":0,"273":0,"274":0,"275":0,"276":0,"277":0,"278":0,"279":0,"280":0,"281":0,"282":0,"283":0,"284":0,"285":0,"286":0,"287":0,"288":0,"289":0,"290":0,"291":0,"292":0,"293":0,"294":0,"295":0,"296":0,"297":0,"298":0,"299":0,"300":0,"301":0,"302":0,"303":0,"304":0,"305":0,"306":0,"307":0,"308":0,"309":0,"310":0,"311":0,"312":0,"313":0,"314":0,"315":0,"316":0,"317":0,"318":0,"319":0,"320":0,"321":0,"322":0,"323":0,"324":0,"325":0,"326":0,"327":0,"328":0,"329":0,"330":0,"331":0,"332":0,"333":0,"334":0,"335":0,"336":0,"337":0,"338":0,"339":0,"340":0,"341":0,"342":0,"343":0,"344":0,"345":0,"346":0,"347":0,"348":0,"349":0,"350":0,"351":0,"352":0,"353":0,"354":0,"355":0,"356":0,"357":0,"358":0,"359":0,"360":0,"361":0,"362":0,"363":0,"364":0,"365":0,"366":0,"367":0,"368":0,"369":0,"370":0,"371":0,"372":0,"373":0,"374":0,"375":0,"376":0,"377":0,"378":0,"379":0,"380":0,"381":0,"382":0,"383":0,"384":0,"385":0,"386":0,"387":0,"388":0,"389":0,"390":0,"391":0,"392":0,"393":0,"394":0,"395":0,"396":0,"397":0,"398":0,"399":0,"400":0,"401":0,"402":0,"403":0,"404":0,"405":0,"406":0,"407":0,"408":0,"409":0,"410":0,"411":0,"412":0,"413":0,"414":1,"415":0,"416":0,"417":0,"418":0,"419":0,"420":0,"421":0,"422":0,"423":0,"424":0,"425":0,"426":0,"427":0,"428":0,"429":0,"430":1,"431":0,"432":0,"433":0,"434":0,"435":0,"436":1,"437":0,"438":0,"439":0,"440":0,"441":0,"442":0,"443":0,"444":0,"445":0,"446":0,"447":0,"448":1,"449":0,"450":0,"451":0,"452":0,"453":1,"454":0,"455":0,"456":0,"457":0,"458":0,"459":0,"460":0,"461":0,"462":0,"463":0,"464":0,"465":0,"466":0,"467":0,"468":0,"469":0,"470":0,"471":0,"472":0,"473":1,"474":0,"475":0,"476":0,"477":0,"478":0,"479":0,"480":0,"481":0,"482":0,"483":0,"484":0,"485":0,"486":0,"487":0,"488":0,"489":0,"490":0,"491":0,"492":0,"493":0,"494":0,"495":0,"496":0,"497":1,"498":0,"499":0,"500":0,"501":1,"502":0,"503":0,"504":0,"505":0,"506":0,"507":0,"508":0,"509":0,"510":0,"511":0,"512":0,"513":1,"514":0,"515":0,"516":0,"517":0,"518":0,"519":0,"520":0,"521":0,"522":0,"523":0,"524":0,"525":0,"526":0,"527":0,"528":0,"529":0,"530":0,"531":0,"532":0,"533":0,"534":0,"535":0,"536":0,"537":0,"538":0,"539":0,"540":1,"541":0,"542":0,"543":0,"544":0,"545":0,"546":0,"547":0,"548":1,"549":0,"550":1,"551":0,"552":1,"553":0,"554":1,"555":0,"556":0,"557":0,"558":0,"559":0,"560":1,"561":0,"562":0,"563":0,"564":1,"565":0,"566":0,"567":0,"568":0,"569":0,"570":0,"571":0,"572":0,"573":0,"574":1,"575":0,"576":0,"577":0,"578":0,"579":0,"580":0,"581":0,"582":0,"583":0,"584":0,"585":0,"586":0,"587":0,"588":0,"589":0,"590":0,"591":0,"592":0,"593":0,"594":0,"595":0,"596":0,"597":0,"598":0,"599":0,"600":0,"601":0,"602":0,"603":0,"604":0,"605":0,"606":0,"607":0,"608":0,"609":0,"610":0,"611":0,"612":0,"613":0,"614":0,"615":0,"616":0,"617":0,"618":0,"619":0,"620":0,"621":0,"622":0,"623":0,"624":0,"625":0,"626":0,"627":0,"628":0,"629":0,"630":0,"631":0,"632":0,"633":0,"634":0,"635":0,"636":0,"637":0,"638":0,"639":0,"640":0,"641":0,"642":0,"643":0,"644":0,"645":0,"646":0,"647":0,"648":0,"649":0,"650":0,"651":0,"652":0,"653":0,"654":0,"655":0,"656":1,"657":1,"658":1,"659":0,"660":0},"b":{"1":[1,1,1],"2":[0,0],"3":[0,0],"4":[0,0],"5":[0,0],"6":[0,0],"7":[0,0],"8":[0,0],"9":[0,0],"10":[0,0],"11":[0,0],"12":[0,0,0],"13":[0,0],"14":[0,0],"15":[0,0],"16":[0,0],"17":[0,0,0],"18":[0,0],"19":[0,0,0],"20":[0,0],"21":[0,0,0,0,0,0,0,0,0,0,0,0,0,0,0,0,0,0],"22":[0,0],"23":[0,0,0],"24":[0,0],"25":[0,0],"26":[0,0,0],"27":[0,0,0,0,0,0,0,0,0,0,0,0,0,0,0,0,0,0,0,0,0,0,0,0,0,0,0,0,0,0,0,0,0,0,0,0,0,0,0,0,0,0,0,0,0,0,0,0,0,0,0,0,0,0,0,0,0,0,0,0,0,0,0,0,0,0,0,0,0,0,0,0,0,0,0,0,0,0,0,0,0,0,0,0,0,0,0,0,0,0,0,0,0],"28":[0,0],"29":[0,0],"30":[0,0],"31":[0,0],"32":[0,0],"33":[0,0],"34":[0,0],"35":[0,0],"36":[0,0],"37":[0,0],"38":[0,0],"39":[0,0],"40":[0,0],"41":[0,0],"42":[0,0],"43":[0,0],"44":[0,0],"45":[0,0],"46":[0,0],"47":[0,0],"48":[0,0],"49":[0,0],"50":[0,0],"51":[0,0],"52":[0,0],"53":[0,0],"54":[0,0],"55":[0,0],"56":[0,0],"57":[0,0],"58":[0,0],"59":[0,0],"60":[0,0],"61":[0,0],"62":[0,0],"63":[0,0],"64":[0,0],"65":[0,0],"66":[0,0],"67":[0,0,0,0,0,0,0],"68":[0,0],"69":[0,0],"70":[0,0],"71":[0,0],"72":[0,0],"73":[0,0],"74":[0,0],"75":[0,0],"76":[0,0],"77":[0,0],"78":[0,0],"79":[0,0],"80":[0,0],"81":[0,0],"82":[0,0],"83":[0,0],"84":[0,0],"85":[0,0],"86":[0,0],"87":[0,0],"88":[0,0],"89":[0,0],"90":[0,0],"91":[0,0],"92":[0,0],"93":[0,0],"94":[0,0],"95":[0,0],"96":[0,0,0],"97":[0,0],"98":[0,0],"99":[0,0],"100":[0,0],"101":[0,0,0],"102":[0,0],"103":[0,0],"104":[0,0,0],"105":[0,0],"106":[0,0],"107":[0,0,0,0],"108":[0,0],"109":[0,0],"110":[0,0],"111":[0,0],"112":[0,0],"113":[0,0],"114":[0,0],"115":[0,0],"116":[0,0],"117":[0,0],"118":[0,0],"119":[0,0],"120":[0,0],"121":[0,0],"122":[0,0],"123":[0,0],"124":[0,0],"125":[0,0],"126":[0,0],"127":[0,0],"128":[0,0],"129":[0,0],"130":[0,0],"131":[0,0],"132":[0,0],"133":[0,0],"134":[0,0],"135":[0,0,0],"136":[0,0],"137":[1,0],"138":[1,1],"139":[0,1]},"f":{"1":0,"2":0,"3":0,"4":0,"5":0,"6":0,"7":0,"8":0,"9":0,"10":0,"11":0,"12":0,"13":0,"14":0,"15":0,"16":0,"17":0,"18":0,"19":0,"20":0,"21":0,"22":0,"23":0,"24":0,"25":0,"26":0,"27":0,"28":0,"29":0,"30":0,"31":0},"fnMap":{"1":{"name":"client","line":11,"loc":{"start":{"line":11,"column":13},"end":{"line":11,"column":35}}},"2":{"name":"(anonymous_2)","line":61,"loc":{"start":{"line":61,"column":31},"end":{"line":61,"column":63}}},"3":{"name":"handleMessage","line":78,"loc":{"start":{"line":78,"column":33},"end":{"line":78,"column":65}}},"4":{"name":"(anonymous_4)","line":174,"loc":{"start":{"line":174,"column":38},"end":{"line":174,"column":50}}},"5":{"name":"connect","line":878,"loc":{"start":{"line":878,"column":27},"end":{"line":878,"column":46}}},"6":{"name":"_openConnection","line":902,"loc":{"start":{"line":902,"column":35},"end":{"line":902,"column":62}}},"7":{"name":"_onOpen","line":913,"loc":{"start":{"line":913,"column":27},"end":{"line":913,"column":46}}},"8":{"name":"_onMessage","line":935,"loc":{"start":{"line":935,"column":30},"end":{"line":935,"column":57}}},"9":{"name":"_onError","line":944,"loc":{"start":{"line":944,"column":28},"end":{"line":944,"column":48}}},"10":{"name":"_onClose","line":974,"loc":{"start":{"line":974,"column":28},"end":{"line":974,"column":48}}},"11":{"name":"_getPromiseDelay","line":1012,"loc":{"start":{"line":1012,"column":36},"end":{"line":1012,"column":64}}},"12":{"name":"_sendCommand","line":1018,"loc":{"start":{"line":1018,"column":32},"end":{"line":1018,"column":83}}},"13":{"name":"_sendMessage","line":1045,"loc":{"start":{"line":1045,"column":32},"end":{"line":1045,"column":83}}},"14":{"name":"(anonymous_14)","line":1068,"loc":{"start":{"line":1068,"column":43},"end":{"line":1068,"column":59}}},"15":{"name":"_updateEmoteset","line":1104,"loc":{"start":{"line":1104,"column":35},"end":{"line":1104,"column":66}}},"16":{"name":"getUsername","line":1123,"loc":{"start":{"line":1123,"column":31},"end":{"line":1123,"column":54}}},"17":{"name":"getOptions","line":1128,"loc":{"start":{"line":1128,"column":30},"end":{"line":1128,"column":52}}},"18":{"name":"getChannels","line":1133,"loc":{"start":{"line":1133,"column":31},"end":{"line":1133,"column":54}}},"19":{"name":"isMod","line":1138,"loc":{"start":{"line":1138,"column":25},"end":{"line":1138,"column":59}}},"20":{"name":"readyState","line":1147,"loc":{"start":{"line":1147,"column":30},"end":{"line":1147,"column":52}}},"21":{"name":"disconnect","line":1153,"loc":{"start":{"line":1153,"column":30},"end":{"line":1153,"column":52}}},"22":{"name":"levenshtein","line":1168,"loc":{"start":{"line":1168,"column":17},"end":{"line":1168,"column":61}}},"23":{"name":"init","line":1237,"loc":{"start":{"line":1237,"column":14},"end":{"line":1237,"column":37}}},"24":{"name":"enter","line":1241,"loc":{"start":{"line":1241,"column":15},"end":{"line":1241,"column":49}}},"25":{"name":"leave","line":1245,"loc":{"start":{"line":1245,"column":15},"end":{"line":1245,"column":49}}},"26":{"name":"pick","line":1254,"loc":{"start":{"line":1254,"column":14},"end":{"line":1254,"column":37}}},"27":{"name":"reset","line":1262,"loc":{"start":{"line":1262,"column":15},"end":{"line":1262,"column":39}}},"28":{"name":"count","line":1266,"loc":{"start":{"line":1266,"column":15},"end":{"line":1266,"column":39}}},"29":{"name":"isParticipating","line":1273,"loc":{"start":{"line":1273,"column":25},"end":{"line":1273,"column":69}}},"30":{"name":"symbols","line":1281,"loc":{"start":{"line":1281,"column":13},"end":{"line":1281,"column":36}}},"31":{"name":"uppercase","line":1291,"loc":{"start":{"line":1291,"column":15},"end":{"line":1291,"column":40}}}},"statementMap":{"1":{"start":{"line":1,"column":0},"end":{"line":1,"column":27}},"2":{"start":{"line":2,"column":0},"end":{"line":2,"column":37}},"3":{"start":{"line":3,"column":0},"end":{"line":3,"column":52}},"4":{"start":{"line":4,"column":0},"end":{"line":4,"column":33}},"5":{"start":{"line":5,"column":0},"end":{"line":5,"column":32}},"6":{"start":{"line":6,"column":0},"end":{"line":6,"column":31}},"7":{"start":{"line":7,"column":0},"end":{"line":7,"column":66}},"8":{"start":{"line":8,"column":0},"end":{"line":8,"column":27}},"9":{"start":{"line":11,"column":0},"end":{"line":66,"column":1}},"10":{"start":{"line":12,"column":4},"end":{"line":12,"column":70}},"11":{"start":{"line":12,"column":44},"end":{"line":12,"column":68}},"12":{"start":{"line":13,"column":4},"end":{"line":13,"column":28}},"13":{"start":{"line":15,"column":4},"end":{"line":15,"column":32}},"14":{"start":{"line":16,"column":4},"end":{"line":16,"column":50}},"15":{"start":{"line":17,"column":4},"end":{"line":17,"column":54}},"16":{"start":{"line":18,"column":4},"end":{"line":18,"column":50}},"17":{"start":{"line":19,"column":4},"end":{"line":19,"column":48}},"18":{"start":{"line":21,"column":4},"end":{"line":21,"column":60}},"19":{"start":{"line":23,"column":4},"end":{"line":23,"column":91}},"20":{"start":{"line":24,"column":4},"end":{"line":24,"column":88}},"21":{"start":{"line":25,"column":4},"end":{"line":25,"column":66}},"22":{"start":{"line":26,"column":4},"end":{"line":26,"column":74}},"23":{"start":{"line":27,"column":4},"end":{"line":27,"column":81}},"24":{"start":{"line":29,"column":4},"end":{"line":29,"column":30}},"25":{"start":{"line":30,"column":4},"end":{"line":30,"column":27}},"26":{"start":{"line":31,"column":4},"end":{"line":31,"column":49}},"27":{"start":{"line":33,"column":4},"end":{"line":33,"column":60}},"28":{"start":{"line":36,"column":4},"end":{"line":36,"column":21}},"29":{"start":{"line":37,"column":4},"end":{"line":37,"column":24}},"30":{"start":{"line":39,"column":4},"end":{"line":39,"column":23}},"31":{"start":{"line":40,"column":4},"end":{"line":40,"column":28}},"32":{"start":{"line":41,"column":4},"end":{"line":41,"column":30}},"33":{"start":{"line":42,"column":4},"end":{"line":42,"column":25}},"34":{"start":{"line":43,"column":4},"end":{"line":43,"column":30}},"35":{"start":{"line":44,"column":4},"end":{"line":44,"column":25}},"36":{"start":{"line":45,"column":4},"end":{"line":45,"column":25}},"37":{"start":{"line":46,"column":4},"end":{"line":46,"column":28}},"38":{"start":{"line":47,"column":4},"end":{"line":47,"column":21}},"39":{"start":{"line":48,"column":4},"end":{"line":48,"column":23}},"40":{"start":{"line":49,"column":4},"end":{"line":49,"column":24}},"41":{"start":{"line":50,"column":4},"end":{"line":50,"column":32}},"42":{"start":{"line":51,"column":4},"end":{"line":51,"column":19}},"43":{"start":{"line":54,"column":4},"end":{"line":54,"column":24}},"44":{"start":{"line":55,"column":4},"end":{"line":55,"column":52}},"45":{"start":{"line":55,"column":35},"end":{"line":55,"column":50}},"46":{"start":{"line":56,"column":4},"end":{"line":56,"column":42}},"47":{"start":{"line":58,"column":4},"end":{"line":58,"column":47}},"48":{"start":{"line":58,"column":10},"end":{"line":58,"column":33}},"49":{"start":{"line":61,"column":4},"end":{"line":63,"column":7}},"50":{"start":{"line":62,"column":8},"end":{"line":62,"column":42}},"51":{"start":{"line":65,"column":4},"end":{"line":65,"column":28}},"52":{"start":{"line":68,"column":0},"end":{"line":68,"column":33}},"53":{"start":{"line":70,"column":0},"end":{"line":70,"column":27}},"54":{"start":{"line":73,"column":0},"end":{"line":75,"column":1}},"55":{"start":{"line":74,"column":4},"end":{"line":74,"column":56}},"56":{"start":{"line":78,"column":0},"end":{"line":875,"column":2}},"57":{"start":{"line":79,"column":4},"end":{"line":874,"column":5}},"58":{"start":{"line":80,"column":8},"end":{"line":80,"column":64}},"59":{"start":{"line":81,"column":8},"end":{"line":81,"column":49}},"60":{"start":{"line":82,"column":8},"end":{"line":82,"column":56}},"61":{"start":{"line":85,"column":8},"end":{"line":85,"column":64}},"62":{"start":{"line":88,"column":8},"end":{"line":96,"column":9}},"63":{"start":{"line":89,"column":12},"end":{"line":95,"column":13}},"64":{"start":{"line":90,"column":16},"end":{"line":94,"column":17}},"65":{"start":{"line":91,"column":20},"end":{"line":93,"column":86}},"66":{"start":{"line":91,"column":58},"end":{"line":91,"column":83}},"67":{"start":{"line":92,"column":25},"end":{"line":93,"column":86}},"68":{"start":{"line":92,"column":58},"end":{"line":92,"column":83}},"69":{"start":{"line":93,"column":25},"end":{"line":93,"column":86}},"70":{"start":{"line":93,"column":58},"end":{"line":93,"column":84}},"71":{"start":{"line":99,"column":8},"end":{"line":873,"column":9}},"72":{"start":{"line":100,"column":12},"end":{"line":121,"column":13}},"73":{"start":{"line":103,"column":20},"end":{"line":103,"column":38}},"74":{"start":{"line":104,"column":20},"end":{"line":106,"column":21}},"75":{"start":{"line":105,"column":24},"end":{"line":105,"column":45}},"76":{"start":{"line":107,"column":20},"end":{"line":107,"column":26}},"77":{"start":{"line":111,"column":20},"end":{"line":111,"column":46}},"78":{"start":{"line":112,"column":20},"end":{"line":112,"column":95}},"79":{"start":{"line":113,"column":20},"end":{"line":113,"column":105}},"80":{"start":{"line":115,"column":20},"end":{"line":115,"column":51}},"81":{"start":{"line":116,"column":20},"end":{"line":116,"column":26}},"82":{"start":{"line":119,"column":20},"end":{"line":119,"column":114}},"83":{"start":{"line":120,"column":20},"end":{"line":120,"column":26}},"84":{"start":{"line":125,"column":13},"end":{"line":873,"column":9}},"85":{"start":{"line":126,"column":12},"end":{"line":718,"column":13}},"86":{"start":{"line":133,"column":20},"end":{"line":133,"column":26}},"87":{"start":{"line":137,"column":20},"end":{"line":137,"column":54}},"88":{"start":{"line":138,"column":20},"end":{"line":138,"column":26}},"89":{"start":{"line":142,"column":20},"end":{"line":142,"column":58}},"90":{"start":{"line":143,"column":20},"end":{"line":143,"column":50}},"91":{"start":{"line":144,"column":20},"end":{"line":144,"column":101}},"92":{"start":{"line":145,"column":20},"end":{"line":145,"column":43}},"93":{"start":{"line":146,"column":20},"end":{"line":146,"column":65}},"94":{"start":{"line":149,"column":20},"end":{"line":165,"column":30}},"95":{"start":{"line":151,"column":24},"end":{"line":153,"column":25}},"96":{"start":{"line":152,"column":28},"end":{"line":152,"column":49}},"97":{"start":{"line":154,"column":24},"end":{"line":154,"column":50}},"98":{"start":{"line":155,"column":24},"end":{"line":164,"column":70}},"99":{"start":{"line":156,"column":28},"end":{"line":163,"column":29}},"100":{"start":{"line":157,"column":32},"end":{"line":157,"column":60}},"101":{"start":{"line":158,"column":32},"end":{"line":158,"column":64}},"102":{"start":{"line":159,"column":32},"end":{"line":159,"column":48}},"103":{"start":{"line":161,"column":32},"end":{"line":161,"column":61}},"104":{"start":{"line":162,"column":32},"end":{"line":162,"column":63}},"105":{"start":{"line":168,"column":20},"end":{"line":168,"column":58}},"106":{"start":{"line":169,"column":20},"end":{"line":169,"column":82}},"107":{"start":{"line":170,"column":20},"end":{"line":170,"column":39}},"108":{"start":{"line":172,"column":20},"end":{"line":179,"column":21}},"109":{"start":{"line":173,"column":24},"end":{"line":173,"column":40}},"110":{"start":{"line":174,"column":24},"end":{"line":178,"column":40}},"111":{"start":{"line":175,"column":28},"end":{"line":177,"column":29}},"112":{"start":{"line":176,"column":32},"end":{"line":176,"column":83}},"113":{"start":{"line":181,"column":20},"end":{"line":181,"column":36}},"114":{"start":{"line":182,"column":20},"end":{"line":182,"column":26}},"115":{"start":{"line":186,"column":20},"end":{"line":554,"column":21}},"116":{"start":{"line":189,"column":28},"end":{"line":189,"column":101}},"117":{"start":{"line":190,"column":28},"end":{"line":190,"column":137}},"118":{"start":{"line":191,"column":28},"end":{"line":191,"column":34}},"119":{"start":{"line":195,"column":28},"end":{"line":195,"column":107}},"120":{"start":{"line":196,"column":28},"end":{"line":196,"column":142}},"121":{"start":{"line":197,"column":28},"end":{"line":197,"column":34}},"122":{"start":{"line":201,"column":28},"end":{"line":201,"column":95}},"123":{"start":{"line":202,"column":28},"end":{"line":202,"column":102}},"124":{"start":{"line":203,"column":28},"end":{"line":203,"column":34}},"125":{"start":{"line":207,"column":28},"end":{"line":207,"column":101}},"126":{"start":{"line":208,"column":28},"end":{"line":208,"column":106}},"127":{"start":{"line":209,"column":28},"end":{"line":209,"column":34}},"128":{"start":{"line":214,"column":28},"end":{"line":214,"column":34}},"129":{"start":{"line":220,"column":28},"end":{"line":220,"column":34}},"130":{"start":{"line":224,"column":28},"end":{"line":224,"column":88}},"131":{"start":{"line":225,"column":28},"end":{"line":225,"column":126}},"132":{"start":{"line":226,"column":28},"end":{"line":226,"column":34}},"133":{"start":{"line":230,"column":28},"end":{"line":230,"column":94}},"134":{"start":{"line":231,"column":28},"end":{"line":231,"column":131}},"135":{"start":{"line":232,"column":28},"end":{"line":232,"column":34}},"136":{"start":{"line":236,"column":28},"end":{"line":236,"column":58}},"137":{"start":{"line":237,"column":28},"end":{"line":237,"column":116}},"138":{"start":{"line":239,"column":28},"end":{"line":243,"column":29}},"139":{"start":{"line":240,"column":32},"end":{"line":242,"column":33}},"140":{"start":{"line":241,"column":36},"end":{"line":241,"column":54}},"141":{"start":{"line":245,"column":28},"end":{"line":245,"column":98}},"142":{"start":{"line":246,"column":28},"end":{"line":246,"column":34}},"143":{"start":{"line":250,"column":28},"end":{"line":250,"column":64}},"144":{"start":{"line":251,"column":28},"end":{"line":251,"column":34}},"145":{"start":{"line":255,"column":28},"end":{"line":255,"column":101}},"146":{"start":{"line":256,"column":28},"end":{"line":256,"column":34}},"147":{"start":{"line":266,"column":28},"end":{"line":266,"column":65}},"148":{"start":{"line":267,"column":28},"end":{"line":267,"column":100}},"149":{"start":{"line":268,"column":28},"end":{"line":268,"column":34}},"150":{"start":{"line":272,"column":28},"end":{"line":272,"column":65}},"151":{"start":{"line":273,"column":28},"end":{"line":273,"column":99}},"152":{"start":{"line":274,"column":28},"end":{"line":274,"column":34}},"153":{"start":{"line":278,"column":28},"end":{"line":278,"column":65}},"154":{"start":{"line":279,"column":28},"end":{"line":279,"column":102}},"155":{"start":{"line":280,"column":28},"end":{"line":280,"column":34}},"156":{"start":{"line":284,"column":28},"end":{"line":284,"column":65}},"157":{"start":{"line":285,"column":28},"end":{"line":285,"column":105}},"158":{"start":{"line":286,"column":28},"end":{"line":286,"column":34}},"159":{"start":{"line":290,"column":28},"end":{"line":290,"column":65}},"160":{"start":{"line":291,"column":28},"end":{"line":291,"column":99}},"161":{"start":{"line":292,"column":28},"end":{"line":292,"column":34}},"162":{"start":{"line":298,"column":28},"end":{"line":298,"column":65}},"163":{"start":{"line":299,"column":28},"end":{"line":299,"column":100}},"164":{"start":{"line":300,"column":28},"end":{"line":300,"column":34}},"165":{"start":{"line":304,"column":28},"end":{"line":304,"column":65}},"166":{"start":{"line":305,"column":28},"end":{"line":305,"column":101}},"167":{"start":{"line":306,"column":28},"end":{"line":306,"column":34}},"168":{"start":{"line":311,"column":28},"end":{"line":311,"column":65}},"169":{"start":{"line":312,"column":28},"end":{"line":312,"column":102}},"170":{"start":{"line":313,"column":28},"end":{"line":313,"column":34}},"171":{"start":{"line":317,"column":28},"end":{"line":317,"column":65}},"172":{"start":{"line":318,"column":28},"end":{"line":318,"column":101}},"173":{"start":{"line":319,"column":28},"end":{"line":319,"column":34}},"174":{"start":{"line":324,"column":28},"end":{"line":324,"column":65}},"175":{"start":{"line":325,"column":28},"end":{"line":325,"column":102}},"176":{"start":{"line":326,"column":28},"end":{"line":326,"column":34}},"177":{"start":{"line":330,"column":28},"end":{"line":330,"column":65}},"178":{"start":{"line":331,"column":28},"end":{"line":331,"column":106}},"179":{"start":{"line":332,"column":28},"end":{"line":332,"column":34}},"180":{"start":{"line":337,"column":28},"end":{"line":337,"column":65}},"181":{"start":{"line":338,"column":28},"end":{"line":338,"column":107}},"182":{"start":{"line":339,"column":28},"end":{"line":339,"column":34}},"183":{"start":{"line":343,"column":28},"end":{"line":343,"column":65}},"184":{"start":{"line":344,"column":28},"end":{"line":344,"column":92}},"185":{"start":{"line":345,"column":28},"end":{"line":345,"column":117}},"186":{"start":{"line":346,"column":28},"end":{"line":346,"column":34}},"187":{"start":{"line":353,"column":28},"end":{"line":353,"column":65}},"188":{"start":{"line":354,"column":28},"end":{"line":354,"column":107}},"189":{"start":{"line":355,"column":28},"end":{"line":355,"column":34}},"190":{"start":{"line":360,"column":28},"end":{"line":360,"column":65}},"191":{"start":{"line":361,"column":28},"end":{"line":361,"column":104}},"192":{"start":{"line":362,"column":28},"end":{"line":362,"column":34}},"193":{"start":{"line":367,"column":28},"end":{"line":367,"column":65}},"194":{"start":{"line":368,"column":28},"end":{"line":368,"column":107}},"195":{"start":{"line":369,"column":28},"end":{"line":369,"column":34}},"196":{"start":{"line":373,"column":28},"end":{"line":373,"column":65}},"197":{"start":{"line":374,"column":28},"end":{"line":374,"column":103}},"198":{"start":{"line":375,"column":28},"end":{"line":375,"column":34}},"199":{"start":{"line":380,"column":28},"end":{"line":380,"column":65}},"200":{"start":{"line":381,"column":28},"end":{"line":381,"column":111}},"201":{"start":{"line":382,"column":28},"end":{"line":382,"column":34}},"202":{"start":{"line":387,"column":28},"end":{"line":387,"column":65}},"203":{"start":{"line":388,"column":28},"end":{"line":388,"column":108}},"204":{"start":{"line":389,"column":28},"end":{"line":389,"column":34}},"205":{"start":{"line":394,"column":28},"end":{"line":394,"column":65}},"206":{"start":{"line":395,"column":28},"end":{"line":395,"column":109}},"207":{"start":{"line":396,"column":28},"end":{"line":396,"column":34}},"208":{"start":{"line":401,"column":28},"end":{"line":401,"column":65}},"209":{"start":{"line":402,"column":28},"end":{"line":402,"column":106}},"210":{"start":{"line":403,"column":28},"end":{"line":403,"column":34}},"211":{"start":{"line":407,"column":28},"end":{"line":407,"column":65}},"212":{"start":{"line":408,"column":28},"end":{"line":408,"column":101}},"213":{"start":{"line":409,"column":28},"end":{"line":409,"column":34}},"214":{"start":{"line":413,"column":28},"end":{"line":413,"column":65}},"215":{"start":{"line":414,"column":28},"end":{"line":414,"column":104}},"216":{"start":{"line":415,"column":28},"end":{"line":415,"column":34}},"217":{"start":{"line":425,"column":28},"end":{"line":425,"column":65}},"218":{"start":{"line":426,"column":28},"end":{"line":426,"column":104}},"219":{"start":{"line":427,"column":28},"end":{"line":427,"column":34}},"220":{"start":{"line":431,"column":28},"end":{"line":431,"column":65}},"221":{"start":{"line":432,"column":28},"end":{"line":432,"column":101}},"222":{"start":{"line":433,"column":28},"end":{"line":433,"column":34}},"223":{"start":{"line":438,"column":28},"end":{"line":438,"column":65}},"224":{"start":{"line":439,"column":28},"end":{"line":439,"column":102}},"225":{"start":{"line":440,"column":28},"end":{"line":440,"column":34}},"226":{"start":{"line":445,"column":28},"end":{"line":445,"column":65}},"227":{"start":{"line":446,"column":28},"end":{"line":446,"column":103}},"228":{"start":{"line":447,"column":28},"end":{"line":447,"column":34}},"229":{"start":{"line":455,"column":28},"end":{"line":455,"column":65}},"230":{"start":{"line":456,"column":28},"end":{"line":456,"column":104}},"231":{"start":{"line":457,"column":28},"end":{"line":457,"column":34}},"232":{"start":{"line":462,"column":28},"end":{"line":462,"column":65}},"233":{"start":{"line":463,"column":28},"end":{"line":491,"column":31}},"234":{"start":{"line":492,"column":28},"end":{"line":492,"column":34}},"235":{"start":{"line":496,"column":28},"end":{"line":496,"column":65}},"236":{"start":{"line":497,"column":28},"end":{"line":497,"column":69}},"237":{"start":{"line":499,"column":28},"end":{"line":501,"column":29}},"238":{"start":{"line":500,"column":32},"end":{"line":500,"
[...]
"68":{"start":{"line":165,"column":12},"end":{"line":165,"column":65}},"69":{"start":{"line":166,"column":12},"end":{"line":166,"column":37}},"70":{"start":{"line":169,"column":12},"end":{"line":171,"column":13}},"71":{"start":{"line":170,"column":16},"end":{"line":170,"column":27}},"72":{"start":{"line":174,"column":8},"end":{"line":174,"column":48}},"73":{"start":{"line":178,"column":8},"end":{"line":185,"column":9}},"74":{"start":{"line":179,"column":12},"end":{"line":182,"column":13}},"75":{"start":{"line":180,"column":16},"end":{"line":180,"column":55}},"76":{"start":{"line":181,"column":16},"end":{"line":181,"column":31}},"77":{"start":{"line":184,"column":12},"end":{"line":184,"column":24}},"78":{"start":{"line":189,"column":8},"end":{"line":189,"column":58}},"79":{"start":{"line":191,"column":8},"end":{"line":191,"column":33}},"80":{"start":{"line":194,"column":8},"end":{"line":196,"column":9}},"81":{"start":{"line":195,"column":12},"end":{"line":195,"column":23}},"82":{"start":{"line":198,"column":8},"end":{"line":231,"column":9}},"83":{"start":{"line":199,"column":12},"end":{"line":199,"column":52}},"84":{"start":{"line":205,"column":12},"end":{"line":208,"column":13}},"85":{"start":{"line":206,"column":16},"end":{"line":206,"column":62}},"86":{"start":{"line":207,"column":16},"end":{"line":207,"column":22}},"87":{"start":{"line":211,"column":12},"end":{"line":223,"column":13}},"88":{"start":{"line":214,"column":16},"end":{"line":214,"column":69}},"89":{"start":{"line":215,"column":16},"end":{"line":215,"column":41}},"90":{"start":{"line":218,"column":16},"end":{"line":220,"column":17}},"91":{"start":{"line":219,"column":20},"end":{"line":219,"column":31}},"92":{"start":{"line":222,"column":16},"end":{"line":222,"column":25}},"93":{"start":{"line":227,"column":12},"end":{"line":230,"column":13}},"94":{"start":{"line":228,"column":16},"end":{"line":228,"column":58}},"95":{"start":{"line":229,"column":16},"end":{"line":229,"column":22}},"96":{"start":{"line":233,"column":8},"end":{"line":233,"column":23}}},"branchMap":{"1":{"line":30,"type":"if","locations":[{"start":{"line":30,"column":8},"end":{"line":30,"column":8}},{"start":{"line":30,"column":8},"end":{"line":30,"column":8}}]},"2":{"line":36,"type":"if","locations":[{"start":{"line":36,"column":16},"end":{"line":36,"column":16}},{"start":{"line":36,"column":16},"end":{"line":36,"column":16}}]},"3":{"line":43,"type":"if","locations":[{"start":{"line":43,"column":8},"end":{"line":43,"column":8}},{"start":{"line":43,"column":8},"end":{"line":43,"column":8}}]},"4":{"line":50,"type":"if","locations":[{"start":{"line":50,"column":8},"end":{"line":50,"column":8}},{"start":{"line":50,"column":8},"end":{"line":50,"column":8}}]},"5":{"line":56,"type":"if","locations":[{"start":{"line":56,"column":16},"end":{"line":56,"column":16}},{"start":{"line":56,"column":16},"end":{"line":56,"column":16}}]},"6":{"line":63,"type":"if","locations":[{"start":{"line":63,"column":8},"end":{"line":63,"column":8}},{"start":{"line":63,"column":8},"end":{"line":63,"column":8}}]},"7":{"line":76,"type":"if","locations":[{"start":{"line":76,"column":12},"end":{"line":76,"column":12}},{"start":{"line":76,"column":12},"end":{"line":76,"column":12}}]},"8":{"line":77,"type":"binary-expr","locations":[{"start":{"line":77,"column":26},"end":{"line":77,"column":33}},{"start":{"line":77,"column":37},"end":{"line":77,"column":39}}]},"9":{"line":90,"type":"if","locations":[{"start":{"line":90,"column":12},"end":{"line":90,"column":12}},{"start":{"line":90,"column":12},"end":{"line":90,"column":12}}]},"10":{"line":91,"type":"binary-expr","locations":[{"start":{"line":91,"column":26},"end":{"line":91,"column":33}},{"start":{"line":91,"column":37},"end":{"line":91,"column":39}}]},"11":{"line":129,"type":"if","locations":[{"start":{"line":129,"column":8},"end":{"line":129,"column":8}},{"start":{"line":129,"column":8},"end":{"line":129,"column":8}}]},"12":{"line":133,"type":"if","locations":[{"start":{"line":133,"column":12},"end":{"line":133,"column":12}},{"start":{"line":133,"column":12},"end":{"line":133,"column":12}}]},"13":{"line":145,"type":"binary-expr","locations":[{"start":{"line":145,"column":40},"end":{"line":145,"column":75}},{"start":{"line":145,"column":79},"end":{"line":145,"column":83}}]},"14":{"line":157,"type":"if","locations":[{"start":{"line":157,"column":8},"end":{"line":157,"column":8}},{"start":{"line":157,"column":8},"end":{"line":157,"column":8}}]},"15":{"line":161,"type":"if","locations":[{"start":{"line":161,"column":12},"end":{"line":161,"column":12}},{"start":{"line":161,"column":12},"end":{"line":161,"column":12}}]},"16":{"line":178,"type":"if","locations":[{"start":{"line":178,"column":8},"end":{"line":178,"column":8}},{"start":{"line":178,"column":8},"end":{"line":178,"column":8}}]},"17":{"line":179,"type":"if","locations":[{"start":{"line":179,"column":12},"end":{"line":179,"column":12}},{"start":{"line":179,"column":12},"end":{"line":179,"column":12}}]},"18":{"line":205,"type":"if","locations":[{"start":{"line":205,"column":12},"end":{"line":205,"column":12}},{"start":{"line":205,"column":12},"end":{"line":205,"column":12}}]},"19":{"line":211,"type":"if","locations":[{"start":{"line":211,"column":12},"end":{"line":211,"column":12}},{"start":{"line":211,"column":12},"end":{"line":211,"column":12}}]},"20":{"line":227,"type":"if","locations":[{"start":{"line":227,"column":12},"end":{"line":227,"column":12}},{"start":{"line":227,"column":12},"end":{"line":227,"column":12}}]}},"code":["/*","    Copyright (c) 2013-2015, Fionn Kelleher All rights reserved.","","    Redistribution and use in source and binary forms, with or without modification,","    are permitted provided that the following conditions are met:","","        Redistributions of source code must retain the above copyright notice,","        this list of conditions and the following disclaimer.","","        Redistributions in binary form must reproduce the above copyright notice,","        this list of conditions and the following disclaimer in the documentation and/or other materials","        provided with the distribution.","","    THIS SOFTWARE IS PROVIDED BY THE COPYRIGHT HOLDERS AND CONTRIBUTORS \"AS IS\" AND","    ANY EXPRESS OR IMPLIED WARRANTIES, INCLUDING, BUT NOT LIMITED TO, THE IMPLIED","    WARRANTIES OF MERCHANTABILITY AND FITNESS FOR A PARTICULAR PURPOSE ARE DISCLAIMED.","    IN NO EVENT SHALL THE COPYRIGHT HOLDER OR CONTRIBUTORS BE LIABLE FOR ANY DIRECT,","    INDIRECT, INCIDENTAL, SPECIAL, EXEMPLARY, OR CONSEQUENTIAL DAMAGES","    (INCLUDING, BUT NOT LIMITED TO, PROCUREMENT OF SUBSTITUTE GOODS OR SERVICES; LOSS OF USE, DATA,","    OR PROFITS; OR BUSINESS INTERRUPTION) HOWEVER CAUSED AND ON ANY THEORY OF LIABILITY,","    WHETHER IN CONTRACT, STRICT LIABILITY, OR TORT (INCLUDING NEGLIGENCE OR OTHERWISE)","    ARISING IN ANY WAY OUT OF THE USE OF THIS SOFTWARE, EVEN IF ADVISED OF THE POSSIBILITY","    OF SUCH DAMAGE.","*/","var _ = require(\"./utils\");","","module.exports = {","    // Parse Twitch badges..","    badges: function badges(tags) {","        if (_.isString(tags[\"badges\"])) {","            var badges = {};","            var explode = tags[\"badges\"].split(\",\");","","            for (var i = 0; i < explode.length; i++) {","                var parts = explode[i].split(\"/\");","                if (!parts[1]) return;","                badges[parts[0]] = parts[1];","            }","","            tags[\"badges-raw\"] = tags[\"badges\"];","            tags[\"badges\"] = badges;","        }","        if (_.isBoolean(tags[\"badges\"])) { tags[\"badges-raw\"] = null; }","","        return tags;","    },","","    // Parse Twitch emotes..","    emotes: function emotes(tags) {","        if (_.isString(tags[\"emotes\"])) {","            var emoticons = tags[\"emotes\"].split(\"/\");","            var emotes = {};","","            for (var i = 0; i < emoticons.length; i++) {","                var parts = emoticons[i].split(\":\");","                if (!parts[1]) return;","                emotes[parts[0]] = parts[1].split(\",\");","            }","","            tags[\"emotes-raw\"] = tags[\"emotes\"];","            tags[\"emotes\"] = emotes;","        }","        if (_.isBoolean(tags[\"emotes\"])) { tags[\"emotes-raw\"] = null; }","","        return tags;","    },","","    // Parse regex emotes..","    emoteRegex: function emoteRegex(msg, code, id, obj) {","        var space = /\\S+/g;","        var regex = new RegExp(\"(\\\\b|^|\\s)\"+_.unescapeHtml(code)+\"(\\\\b|$|\\s)\");","        var match;","","        // Check if emote code matches using RegExp and push it to the object..","        while ((match = space.exec(msg)) !== null) {","            if (regex.test(match[0])) {","                obj[id] = obj[id] || [];","                obj[id].push([match.index, space.lastIndex - 1])","            }","        }","    },","","    // Parse string emotes..","    emoteString: function emoteString(msg, code, id, obj) {","        var space = /\\S+/g;","        var match;","","        // Check if emote code matches and push it to the object..","        while ((match = space.exec(msg)) !== null) {","            if (match[0] === _.unescapeHtml(code)) {","                obj[id] = obj[id] || [];","                obj[id].push([match.index, space.lastIndex - 1]);","            }","        }","    },","","    // Transform the emotes object to a string with the following format..","    // emote_id:first_index-last_index,another_first-another_last/another_emote_id:first_index-last_index","    transformEmotes: function transformEmotes(emotes) {","        var transformed = \"\";","","        Object.keys(emotes).forEach((id) => {","            transformed = `${transformed+id}:`;","            emotes[id].forEach((index) => {","                transformed = `${transformed+index.join(\"-\")},`;","            });","            transformed = `${transformed.slice(0,-1)}/`;","        });","","        return transformed.slice(0,-1);","    },","","    // Parse Twitch messages..","    msg: function msg(data) {","        var message = {","            raw: data,","            tags: {},","            prefix: null,","            command: null,","            params: []","        }","","        // Position and nextspace are used by the parser as a reference..","        var position = 0;","        var nextspace = 0;","","        // The first thing we check for is IRCv3.2 message tags.","        // http://ircv3.atheme.org/specification/message-tags-3.2","        if (data.charCodeAt(0) === 64) {","            var nextspace = data.indexOf(\" \");","","            // Malformed IRC message..","            if (nextspace === -1) {","                return null;","            }","","            // Tags are split by a semi colon..","            var rawTags = data.slice(1, nextspace).split(\";\");","","            for (var i = 0; i < rawTags.length; i++) {","                // Tags delimited by an equals sign are key=value tags.","                // If there's no equals, we assign the tag a value of true.","                var tag = rawTags[i];","                var pair = tag.split(\"=\");","                message.tags[pair[0]] = tag.substring(tag.indexOf(\"=\") + 1) || true;","            }","","            position = nextspace + 1;","        }","","        // Skip any trailing whitespace..","        while (data.charCodeAt(position) === 32) {","            position++;","        }","","        // Extract the message's prefix if present. Prefixes are prepended with a colon..","        if (data.charCodeAt(position) === 58) {","            nextspace = data.indexOf(\" \", position);","","            // If there's nothing after the prefix, deem this message to be malformed.","            if (nextspace === -1) {","                return null;","            }","","            message.prefix = data.slice(position + 1, nextspace);","            position = nextspace + 1;","","            // Skip any trailing whitespace..","            while (data.charCodeAt(position) === 32) {","                position++;","            }","        }","","        nextspace = data.indexOf(\" \", position);","","        // If there's no more whitespace left, extract everything from the","        // current position to the end of the string as the command..","        if (nextspace === -1) {","            if (data.length > position) {","                message.command = data.slice(position);","                return message;","            }","","            return null;","        }","","        // Else, the command is the current position up to the next space. After","        // that, we expect some parameters.","        message.command = data.slice(position, nextspace);","","        position = nextspace + 1;","","        // Skip any trailing whitespace..","        while (data.charCodeAt(position) === 32) {","            position++;","        }","","        while (position < data.length) {","            nextspace = data.indexOf(\" \", position);","","            // If the character is a colon, we've got a trailing parameter.","            // At this point, there are no extra params, so we push everything","            // from after the colon to the end of the string, to the params array","            // and break out of the loop.","            if (data.charCodeAt(position) === 58) {","                message.params.push(data.slice(position + 1));","                break;","            }","","            // If we still have some whitespace...","            if (nextspace !== -1) {","                // Push whatever's between the current position and the next","                // space to the params array.","                message.params.push(data.slice(position, nextspace));","                position = nextspace + 1;","","                // Skip any trailing whitespace and continue looping.","                while (data.charCodeAt(position) === 32) {","                    position++;","                }","","                continue;","            }","","            // If we don't have any more whitespace and the param isn't trailing,","            // push everything remaining to the params array.","            if (nextspace === -1) {","                message.params.push(data.slice(position));","                break;","            }","        }","","        return message;","    }","}",""],"l":{"25":1,"27":1,"30":0,"31":0,"32":0,"34":0,"35":0,"36":0,"37":0,"40":0,"41":0,"43":0,"45":0,"50":0,"51":0,"52":0,"54":0,"55":0,"56":0,"57":0,"60":0,"61":0,"63":0,"65":0,"70":0,"71":0,"72":0,"75":0,"76":0,"77":0,"78":0,"85":0,"86":0,"89":0,"90":0,"91":0,"92":0,"100":0,"102":0,"103":0,"104":0,"105":0,"107":0,"110":0,"115":0,"124":0,"125":0,"129":0,"130":0,"133":0,"134":0,"138":0,"140":0,"143":0,"144":0,"145":0,"148":0,"152":0,"153":0,"157":0,"158":0,"161":0,"162":0,"165":0,"166":0,"169":0,"170":0,"174":0,"178":0,"179":0,"180":0,"181":0,"184":0,"189":0,"191":0,"194":0,"195":0,"198":0,"199":0,"205":0,"206":0,"207":0,"211":0,"214":0,"215":0,"218":0,"219":0,"222":0,"227":0,"228":0,"229":0,"233":0}},"/home/travis/build/npmtest/node-npmtest-tmi.js/node_modules/tmi.js/lib/timer.js":{"path":"/home/travis/build/npmtest/node-npmtest-tmi.js/node_modules/tmi.js/lib/timer.js","s":{"1":1,"2":0,"3":0,"4":0,"5":1,"6":0,"7":1,"8":0,"9":0,"10":1,"11":0,"12":0,"13":0,"14":0,"15":0,"16":0,"17":0,"18":0,"19":1,"20":0,"21":1,"22":0,"23":0,"24":1},"b":{"1":[0,0],"2":[0,0,0],"3":[0,0],"4":[0,0],"5":[0,0]},"f":{"1":0,"2":0,"3":0,"4":0,"5":0,"6":0},"fnMap":{"1":{"name":"queue","line":2,"loc":{"start":{"line":2,"column":0},"end":{"line":2,"column":29}}},"2":{"name":"add","line":9,"loc":{"start":{"line":9,"column":22},"end":{"line":9,"column":46}}},"3":{"name":"run","line":17,"loc":{"start":{"line":17,"column":22},"end":{"line":17,"column":42}}},"4":{"name":"next","line":23,"loc":{"start":{"line":23,"column":23},"end":{"line":23,"column":39}}},"5":{"name":"reset","line":37,"loc":{"start":{"line":37,"column":24},"end":{"line":37,"column":41}}},"6":{"name":"clear","line":42,"loc":{"start":{"line":42,"column":24},"end":{"line":42,"column":41}}}},"statementMap":{"1":{"start":{"line":2,"column":0},"end":{"line":6,"column":1}},"2":{"start":{"line":3,"column":4},"end":{"line":3,"column":20}},"3":{"start":{"line":4,"column":4},"end":{"line":4,"column":19}},"4":{"start":{"line":5,"column":4},"end":{"line":5,"column":45}},"5":{"start":{"line":9,"column":0},"end":{"line":14,"column":2}},"6":{"start":{"line":10,"column":4},"end":{"line":13,"column":7}},"7":{"start":{"line":17,"column":0},"end":{"line":20,"column":2}},"8":{"start":{"line":18,"column":4},"end":{"line":18,"column":51}},"9":{"start":{"line":19,"column":4},"end":{"line":19,"column":16}},"10":{"start":{"line":23,"column":0},"end":{"line":34,"column":2}},"11":{"start":{"line":24,"column":4},"end":{"line":24,"column":25}},"12":{"start":{"line":25,"column":4},"end":{"line":25,"column":27}},"13":{"start":{"line":26,"column":4},"end":{"line":26,"column":38}},"14":{"start":{"line":28,"column":4},"end":{"line":28,"column":24}},"15":{"start":{"line":28,"column":15},"end":{"line":28,"column":22}},"16":{"start":{"line":30,"column":4},"end":{"line":30,"column":12}},"17":{"start":{"line":31,"column":4},"end":{"line":33,"column":40}},"18":{"start":{"line":32,"column":8},"end":{"line":32,"column":20}},"19":{"start":{"line":37,"column":0},"end":{"line":39,"column":2}},"20":{"start":{"line":38,"column":4},"end":{"line":38,"column":19}},"21":{"start":{"line":42,"column":0},"end":{"line":45,"column":2}},"22":{"start":{"line":43,"column":4},"end":{"line":43,"column":19}},"23":{"start":{"line":44,"column":4},"end":{"line":44,"column":20}},"24":{"start":{"line":47,"column":0},"end":{"line":47,"column":22}}},"branchMap":{"1":{"line":5,"type":"binary-expr","locations":[{"start":{"line":5,"column":24},"end":{"line":5,"column":36}},{"start":{"line":5,"column":40},"end":{"line":5,"column":44}}]},"2":{"line":18,"type":"binary-expr","locations":[{"start":{"line":18,"column":5},"end":{"line":18,"column":10}},{"start":{"line":18,"column":14},"end":{"line":18,"column":25}},{"start":{"line":18,"column":31},"end":{"line":18,"column":49}}]},"3":{"line":28,"type":"if","locations":[{"start":{"line":28,"column":4},"end":{"line":28,"column":4}},{"start":{"line":28,"column":4},"end":{"line":28,"column":4}}]},"4":{"line":31,"type":"binary-expr","locations":[{"start":{"line":31,"column":4},"end":{"line":31,"column":8}},{"start":{"line":31,"column":12},"end":{"line":33,"column":39}}]},"5":{"line":33,"type":"binary-expr","locations":[{"start":{"line":33,"column":7},"end":{"line":33,"column":17}},{"start":{"line":33,"column":21},"end":{"line":33,"column":38}}]}},"code":["// Initialize the queue with a specific delay..","function queue(defaultDelay) {","    this.queue = [];","    this.index = 0;","    this.defaultDelay = defaultDelay || 3000;","}","","// Add a new function to the queue..","queue.prototype.add = function add(fn, delay) {","    this.queue.push({","        fn: fn,","        delay: delay","    });","};","","// Run the current queue..","queue.prototype.run = function run(index) {","    (index || index === 0) && (this.index = index);","    this.next();","};","","// Go to the next in queue..","queue.prototype.next = function next() {","    var i = this.index++;","    var at = this.queue[i];","    var next = this.queue[this.index];","","    if (!at) { return; }","","    at.fn();","    next && setTimeout(() => {","        this.next();","    }, next.delay || this.defaultDelay);","};","","// Reset the queue..","queue.prototype.reset = function reset() {","    this.index = 0;","};","","// Clear the queue..","queue.prototype.clear = function clear() {","    this.index = 0;","    this.queue = [];","};","","exports.queue = queue;",""],"l":{"2":1,"3":0,"4":0,"5":0,"9":1,"10":0,"17":1,"18":0,"19":0,"23":1,"24":0,"25":0,"26":0,"28":0,"30":0,"31":0,"32":0,"37":1,"38":0,"42":1,"43":0,"44":0,"47":1}}}